2023-06-11 15:06:799 INFO  Homepage :22 - Get Welcome Virginegames to store text[[ChromeDriver: chrome on WINDOWS (b37f545a81646ea3d195af11a56c144e)] -> xpath: //h1[contains(text(),'Welcome to Virgin Games')]]
2023-06-11 15:06:158 INFO  Homepage :27 - Click on LoginProxy element for: DefaultElementLocator 'By.xpath: //a[@data-qa='top-menu__button-show-login']'
2023-06-11 15:06:602 INFO  Homepage :26 - Get Welcome Virginegames to store text[[ChromeDriver: chrome on WINDOWS (926b8820890315dfcb4618731ebfaf91)] -> xpath: //h1[contains(text(),'Welcome to Virgin Games')]]
2023-06-11 15:06:907 INFO  Homepage :31 - Click on LoginProxy element for: DefaultElementLocator 'By.xpath: //a[@data-qa='top-menu__button-show-login']'
2023-06-12 12:06:928 INFO  Homepage :26 - Get Welcome Virginegames to store text[[ChromeDriver: chrome on WINDOWS (9a422ead666a0d5d4f9b8cbf1522d43c)] -> xpath: //h1[contains(text(),'Welcome to Virgin Games')]]
2023-06-12 12:06:582 INFO  Homepage :31 - Click on LoginProxy element for: DefaultElementLocator 'By.xpath: //a[@data-qa='top-menu__button-show-login']'
2023-06-12 13:06:776 INFO  Homepage :30 - Get Welcome Virginegames to store text[[ChromeDriver: chrome on WINDOWS (a48a77c0b53f7f94b6adcc3a0a10f6f5)] -> xpath: //h1[contains(text(),'Welcome to Virgin Games')]]
2023-06-12 13:06:965 INFO  Homepage :35 - Click on LoginProxy element for: DefaultElementLocator 'By.xpath: //a[@data-qa='top-menu__button-show-login']'
2023-06-12 13:06:585 INFO  Homepage :30 - Get Welcome Virginegames to store text[[ChromeDriver: chrome on WINDOWS (b0994ab1a5754e3061f9587eb6f4f076)] -> xpath: //h1[contains(text(),'Welcome to Virgin Games')]]
2023-06-12 13:06:619 INFO  Homepage :30 - Get Welcome Virginegames to store text[[ChromeDriver: chrome on WINDOWS (0b42ff79efa2a4f3a1bf21c8b4675482)] -> xpath: //h1[contains(text(),'Welcome to Virgin Games')]]
2023-06-12 14:06:769 INFO  Homepage :38 - Get Welcome Virginegames to store text[[ChromeDriver: chrome on WINDOWS (f88edac321b2839f67d1487c4cf7cdc5)] -> xpath: //h1[contains(text(),'Welcome to Virgin Games')]]
2023-06-12 22:06:225 INFO  Homepage :34 - Click on accept cookies[[ChromeDriver: chrome on WINDOWS (5d428f234d68ba330b7589f3995eecf7)] -> xpath: //label[contains(text(),'Accept')]]
2023-06-12 22:06:692 INFO  Homepage :34 - Click on accept cookies[[ChromeDriver: chrome on WINDOWS (ae794ecde92224cecf3e5dc9b54e1316)] -> xpath: //label[contains(text(),'Accept')]]
2023-06-12 22:06:784 INFO  Homepage :38 - Get Welcome Virginegames to store text[[ChromeDriver: chrome on WINDOWS (ae794ecde92224cecf3e5dc9b54e1316)] -> xpath: //h1[contains(text(),'Welcome to Virgin Games')]]
2023-06-12 22:06:947 INFO  Homepage :34 - Click on accept cookies[[ChromeDriver: chrome on WINDOWS (35ce7c94c471a31cd76d591256bd7651)] -> xpath: //label[contains(text(),'Accept')]]
2023-06-12 22:06:44 INFO  Homepage :39 - Get Welcome Virginegames to store text[[ChromeDriver: chrome on WINDOWS (35ce7c94c471a31cd76d591256bd7651)] -> xpath: //h1[contains(text(),'Welcome to Virgin Games')]]
2023-06-12 22:06:622 INFO  Homepage :44 - Click on LoginProxy element for: DefaultElementLocator 'By.xpath: //header/div[1]/div[1]/div[3]/div[1]/span[1]/button[1]/span[1]/a[1]'
2023-06-12 22:06:99 INFO  Homepage :34 - Click on accept cookies[[ChromeDriver: chrome on WINDOWS (0c80a9b4323f30cdb4c8a8ef3f5c94d6)] -> xpath: //label[contains(text(),'Accept')]]
2023-06-12 22:06:196 INFO  Homepage :39 - Get Welcome Virginegames to store text[[ChromeDriver: chrome on WINDOWS (0c80a9b4323f30cdb4c8a8ef3f5c94d6)] -> xpath: //h1[contains(text(),'Welcome to Virgin Games')]]
2023-06-12 22:06:668 INFO  Homepage :34 - Click on accept cookies[[ChromeDriver: chrome on WINDOWS (495e7ec977dded9126a7287ed1ec1948)] -> xpath: //label[contains(text(),'Accept')]]
2023-06-12 22:06:816 INFO  Homepage :44 - Click on LoginProxy element for: DefaultElementLocator 'By.xpath: //header/div[1]/div[1]/div[3]/div[1]/span[1]/button[1]/span[1]/a[1]'
2023-06-12 22:06:946 INFO  Homepage :34 - Click on accept cookies[[ChromeDriver: chrome on WINDOWS (2a63dec104b50cc26e455ad0d5209c3d)] -> xpath: //label[contains(text(),'Accept')]]
2023-06-12 22:06:44 INFO  Homepage :39 - Get Welcome Virginegames to store text[[ChromeDriver: chrome on WINDOWS (2a63dec104b50cc26e455ad0d5209c3d)] -> xpath: //h1[contains(text(),'Welcome to Virgin Games')]]
2023-06-12 22:06:497 INFO  Homepage :34 - Click on accept cookies[[ChromeDriver: chrome on WINDOWS (fa3dcc9544845d7b35b41f763e7e1bc8)] -> xpath: //label[contains(text(),'Accept')]]
2023-06-12 22:06:655 INFO  Homepage :44 - Click on LoginProxy element for: DefaultElementLocator 'By.xpath: //header/div[1]/div[1]/div[3]/div[1]/span[1]/button[1]/span[1]/a[1]'
2023-06-12 22:06:403 INFO  Homepage :31 - Click on accept cookies[[ChromeDriver: chrome on WINDOWS (fedf3160d8cf15bcbd2a98ae480ac975)] -> xpath: //label[contains(text(),'Accept')]]
2023-06-12 22:06:491 INFO  Homepage :36 - Get Welcome Virginegames to store text[[ChromeDriver: chrome on WINDOWS (fedf3160d8cf15bcbd2a98ae480ac975)] -> xpath: //h1[contains(text(),'Welcome to Virgin Games')]]
2023-06-12 22:06:471 INFO  Homepage :31 - Click on accept cookies[[ChromeDriver: chrome on WINDOWS (66abd4ce502521071755b0a2190a31c6)] -> xpath: //label[contains(text(),'Accept')]]
2023-06-12 22:06:575 INFO  Homepage :36 - Get Welcome Virginegames to store text[[ChromeDriver: chrome on WINDOWS (66abd4ce502521071755b0a2190a31c6)] -> xpath: //h1[contains(text(),'Welcome to Virgin Games')]]
2023-06-12 22:06:802 INFO  Homepage :26 - Click on accept cookies[[ChromeDriver: chrome on WINDOWS (112247120013f4925201acf5c4db041c)] -> xpath: //label[contains(text(),'Accept')]]
2023-06-12 22:06:896 INFO  Homepage :31 - Get Welcome Virginegames to store text[[ChromeDriver: chrome on WINDOWS (112247120013f4925201acf5c4db041c)] -> xpath: //h1[contains(text(),'Welcome to Virgin Games')]]
2023-06-12 22:06:217 INFO  Homepage :26 - Click on accept cookies[[ChromeDriver: chrome on WINDOWS (25be6f448b0d756c848643b3071fba84)] -> xpath: //label[contains(text(),'Accept')]]
2023-06-12 22:06:297 INFO  Homepage :31 - Get Welcome Virginegames to store text[[ChromeDriver: chrome on WINDOWS (25be6f448b0d756c848643b3071fba84)] -> xpath: //h1[contains(text(),'Welcome to Virgin Games')]]
2023-06-12 22:06:274 INFO  Homepage :26 - Click on accept cookies[[ChromeDriver: chrome on WINDOWS (71e31ab7cbc6134c886ff9757e6197b0)] -> xpath: //label[contains(text(),'Accept')]]
2023-06-12 22:06:351 INFO  Homepage :31 - Get Welcome Virginegames to store text[[ChromeDriver: chrome on WINDOWS (71e31ab7cbc6134c886ff9757e6197b0)] -> xpath: //h1[contains(text(),'Welcome to Virgin Games')]]
2023-06-12 22:06:769 INFO  Homepage :36 - Click on Poker tab on the top menu[[ChromeDriver: chrome on WINDOWS (436584cb8a5d3fb2611db5588e3525a9)] -> xpath: //a[contains(text(),'Poker')]]
2023-06-12 22:06:05 INFO  Homepage :26 - Click on accept cookies[[ChromeDriver: chrome on WINDOWS (ca8275b19cc171031271636c80b45d2e)] -> xpath: //label[contains(text(),'Accept')]]
2023-06-12 22:06:94 INFO  Homepage :31 - Get Welcome Virginegames to store text[[ChromeDriver: chrome on WINDOWS (ca8275b19cc171031271636c80b45d2e)] -> xpath: //h1[contains(text(),'Welcome to Virgin Games')]]
2023-06-12 22:06:488 INFO  Homepage :26 - Click on accept cookies[[ChromeDriver: chrome on WINDOWS (15e361e1fbd1d6a8d83425a210b424b4)] -> xpath: //label[contains(text(),'Accept')]]
2023-06-12 22:06:584 INFO  Homepage :36 - Click on Poker tab on the top menu[[ChromeDriver: chrome on WINDOWS (15e361e1fbd1d6a8d83425a210b424b4)] -> xpath: //a[contains(text(),'Poker')]]
2023-06-12 22:06:711 INFO  Homepage :26 - Click on accept cookies[[ChromeDriver: chrome on WINDOWS (539cffb4227ec89fb64ba028b44f2d4f)] -> xpath: //label[contains(text(),'Accept')]]
2023-06-12 22:06:793 INFO  Homepage :31 - Get Welcome Virginegames to store text[[ChromeDriver: chrome on WINDOWS (539cffb4227ec89fb64ba028b44f2d4f)] -> xpath: //h1[contains(text(),'Welcome to Virgin Games')]]
2023-06-12 22:06:401 INFO  Homepage :26 - Click on accept cookies[[ChromeDriver: chrome on WINDOWS (19ded68b1959cbdf26c00b8b6bb68d71)] -> xpath: //label[contains(text(),'Accept')]]
2023-06-12 22:06:496 INFO  Homepage :36 - Click on Poker tab on the top menu[[ChromeDriver: chrome on WINDOWS (19ded68b1959cbdf26c00b8b6bb68d71)] -> xpath: //a[contains(text(),'Poker')]]
2023-06-12 22:06:950 INFO  Homepage :26 - Click on accept cookies[[ChromeDriver: chrome on WINDOWS (00a7a623fb35bb1ee84835288846018b)] -> xpath: //label[contains(text(),'Accept')]]
2023-06-12 22:06:71 INFO  Homepage :19 - Poker Games is not DisplayedProxy element for: DefaultElementLocator 'By.xpath: //h2[@id='heading-poker-games']'
2023-06-12 22:06:535 INFO  Homepage :26 - Click on accept cookies[[ChromeDriver: chrome on WINDOWS (d08a1ab54407b05a10be0c2c2cc9aca6)] -> xpath: //label[contains(text(),'Accept')]]
2023-06-12 22:06:310 INFO  Homepage :19 - Poker Games is not DisplayedProxy element for: DefaultElementLocator 'By.xpath: //h2[@id='heading-poker-games']'
2023-06-12 22:06:589 INFO  Homepage :26 - Click on accept cookies[[ChromeDriver: chrome on WINDOWS (0413e75658e7f3729d18611407ba8dcf)] -> xpath: //label[contains(text(),'Accept')]]
2023-06-12 22:06:665 INFO  Homepage :36 - Click on Poker tab on the top menu[[ChromeDriver: chrome on WINDOWS (0413e75658e7f3729d18611407ba8dcf)] -> xpath: //a[contains(text(),'Poker')]]
2023-06-12 22:06:375 INFO  Homepage :26 - Click on accept cookies[[ChromeDriver: chrome on WINDOWS (bd928f3673cd8d0cc278e25e86809795)] -> xpath: //label[contains(text(),'Accept')]]
2023-06-12 22:06:469 INFO  Homepage :31 - Get Welcome Virginegames to store text[[ChromeDriver: chrome on WINDOWS (bd928f3673cd8d0cc278e25e86809795)] -> xpath: //h1[contains(text(),'Welcome to Virgin Games')]]
2023-06-12 22:06:07 INFO  Homepage :26 - Click on accept cookies[[ChromeDriver: chrome on WINDOWS (0d27a5935626ce5e2889b29584837f06)] -> xpath: //label[contains(text(),'Accept')]]
2023-06-12 22:06:109 INFO  Homepage :19 - Poker Games is not DisplayedProxy element for: DefaultElementLocator 'By.xpath: //h2[@id='heading-poker-games']'
2023-06-12 23:06:537 INFO  Homepage :26 - Click on accept cookies[[ChromeDriver: chrome on WINDOWS (a742ff181e746ef09fe4b62b6baeb6a0)] -> xpath: //label[contains(text(),'Accept')]]
2023-06-12 23:06:629 INFO  Homepage :31 - Get Welcome Virginegames to store text[[ChromeDriver: chrome on WINDOWS (a742ff181e746ef09fe4b62b6baeb6a0)] -> xpath: //h1[contains(text(),'Welcome to Virgin Games')]]
2023-06-12 23:06:229 INFO  Homepage :26 - Click on accept cookies[[ChromeDriver: chrome on WINDOWS (a1d995a700d013fda36028fbb15f0d10)] -> xpath: //label[contains(text(),'Accept')]]
2023-06-12 23:06:355 INFO  Homepage :36 - Click on Poker tab on the top menu[[ChromeDriver: chrome on WINDOWS (a1d995a700d013fda36028fbb15f0d10)] -> xpath: //a[contains(text(),'Poker')]]
2023-06-12 23:06:856 INFO  Homepage :26 - Click on accept cookies[[ChromeDriver: chrome on WINDOWS (37f9237901dd193824a8ca6e812bd33c)] -> xpath: //label[contains(text(),'Accept')]]
2023-06-12 23:06:964 INFO  Homepage :19 - Poker Games is not DisplayedProxy element for: DefaultElementLocator 'By.xpath: //h2[@class='section-heading']'
2023-06-12 23:06:492 INFO  Homepage :26 - Click on accept cookies[[ChromeDriver: chrome on WINDOWS (95d5e9fc80217c9c37063fe9ca4db5ef)] -> xpath: //label[contains(text(),'Accept')]]
2023-06-12 23:06:574 INFO  Homepage :31 - Get Welcome Virginegames to store text[[ChromeDriver: chrome on WINDOWS (95d5e9fc80217c9c37063fe9ca4db5ef)] -> xpath: //h1[contains(text(),'Welcome to Virgin Games')]]
2023-06-12 23:06:23 INFO  Homepage :26 - Click on accept cookies[[ChromeDriver: chrome on WINDOWS (d77830525ab8b49354d52ea1a2a5e5b5)] -> xpath: //label[contains(text(),'Accept')]]
2023-06-12 23:06:142 INFO  Homepage :36 - Click on Poker tab on the top menu[[ChromeDriver: chrome on WINDOWS (d77830525ab8b49354d52ea1a2a5e5b5)] -> xpath: //a[contains(text(),'Poker')]]
2023-06-12 23:06:752 INFO  Homepage :26 - Click on accept cookies[[ChromeDriver: chrome on WINDOWS (4c0a076346040158b4a6ac4d3cc4e838)] -> xpath: //label[contains(text(),'Accept')]]
2023-06-12 23:06:98 INFO  Homepage :26 - Click on accept cookies[[ChromeDriver: chrome on WINDOWS (b4d41b46cd0f53658813249332a03150)] -> xpath: //label[contains(text(),'Accept')]]
2023-06-12 23:06:200 INFO  Homepage :31 - Get Welcome Virginegames to store text[[ChromeDriver: chrome on WINDOWS (b4d41b46cd0f53658813249332a03150)] -> xpath: //h1[contains(text(),'Welcome to Virgin Games')]]
2023-06-12 23:06:609 INFO  Homepage :26 - Click on accept cookies[[ChromeDriver: chrome on WINDOWS (85464b9dfa30ea231b8d59022fcf0f92)] -> xpath: //label[contains(text(),'Accept')]]
2023-06-12 23:06:720 INFO  Homepage :36 - Click on Poker tab on the top menu[[ChromeDriver: chrome on WINDOWS (85464b9dfa30ea231b8d59022fcf0f92)] -> xpath: //a[contains(text(),'Poker')]]
2023-06-12 23:06:399 INFO  Homepage :26 - Click on accept cookies[[ChromeDriver: chrome on WINDOWS (13288dfdf986545b95c00b85bdbc4a7f)] -> xpath: //label[contains(text(),'Accept')]]
2023-06-12 23:06:486 INFO  Homepage :36 - Click on Poker tab on the top menu[[ChromeDriver: chrome on WINDOWS (13288dfdf986545b95c00b85bdbc4a7f)] -> xpath: //a[contains(text(),'Poker')]]
2023-06-12 23:06:580 INFO  Homepage :19 - Poker Games is not DisplayedProxy element for: DefaultElementLocator 'By.xpath: //h2[@class='section-heading']'
2023-06-12 23:06:659 INFO  Homepage :26 - Click on accept cookies[[ChromeDriver: chrome on WINDOWS (9c4ba09d402407eae920eabd73938ced)] -> xpath: //label[contains(text(),'Accept')]]
2023-06-12 23:06:750 INFO  Homepage :31 - Get Welcome Virginegames to store text[[ChromeDriver: chrome on WINDOWS (9c4ba09d402407eae920eabd73938ced)] -> xpath: //h1[contains(text(),'Welcome to Virgin Games')]]
2023-06-12 23:06:192 INFO  Homepage :26 - Click on accept cookies[[ChromeDriver: chrome on WINDOWS (3479623780cf27fd6374b908c65b738a)] -> xpath: //label[contains(text(),'Accept')]]
2023-06-12 23:06:309 INFO  Homepage :36 - Click on Poker tab on the top menu[[ChromeDriver: chrome on WINDOWS (3479623780cf27fd6374b908c65b738a)] -> xpath: //a[contains(text(),'Poker')]]
2023-06-12 23:06:826 INFO  Homepage :36 - Click on Poker tab on the top menu[[ChromeDriver: chrome on WINDOWS (386832a329e6b2f0963e692438535ac3)] -> xpath: //a[contains(text(),'Poker')]]
2023-06-12 23:06:115 INFO  Homepage :26 - Click on accept cookies[[ChromeDriver: chrome on WINDOWS (18af608b0a174ae512f4666972268fb4)] -> xpath: //label[contains(text(),'Accept')]]
2023-06-12 23:06:209 INFO  Homepage :31 - Get Welcome Virginegames to store text[[ChromeDriver: chrome on WINDOWS (18af608b0a174ae512f4666972268fb4)] -> xpath: //h1[contains(text(),'Welcome to Virgin Games')]]
2023-06-12 23:06:704 INFO  Homepage :26 - Click on accept cookies[[ChromeDriver: chrome on WINDOWS (c818a746444944ac987aade04925cd78)] -> xpath: //label[contains(text(),'Accept')]]
2023-06-12 23:06:793 INFO  Homepage :36 - Click on Poker tab on the top menu[[ChromeDriver: chrome on WINDOWS (c818a746444944ac987aade04925cd78)] -> xpath: //a[contains(text(),'Poker')]]
2023-06-12 23:06:324 INFO  Homepage :26 - Click on accept cookies[[ChromeDriver: chrome on WINDOWS (eaff11cf216ba94f86c25a37c4a5eb8c)] -> xpath: //label[contains(text(),'Accept')]]
2023-06-12 23:06:392 INFO  Homepage :36 - Click on Poker tab on the top menu[[ChromeDriver: chrome on WINDOWS (eaff11cf216ba94f86c25a37c4a5eb8c)] -> xpath: //a[contains(text(),'Poker')]]
2023-06-12 23:06:467 INFO  Homepage :19 - Poker Games is not DisplayedProxy element for: DefaultElementLocator 'By.xpath: //h2[@class='section-heading']'
2023-06-12 23:06:456 INFO  Homepage :26 - Click on accept cookies[[ChromeDriver: chrome on WINDOWS (0c2abd6a6ff2b178e70d1994089beb75)] -> xpath: //label[contains(text(),'Accept')]]
2023-06-12 23:06:553 INFO  Homepage :31 - Get Welcome Virginegames to store text[[ChromeDriver: chrome on WINDOWS (0c2abd6a6ff2b178e70d1994089beb75)] -> xpath: //h1[contains(text(),'Welcome to Virgin Games')]]
2023-06-12 23:06:963 INFO  Homepage :26 - Click on accept cookies[[ChromeDriver: chrome on WINDOWS (a5aadba8e4186fe519262c5d65f4df44)] -> xpath: //label[contains(text(),'Accept')]]
2023-06-12 23:06:102 INFO  Homepage :36 - Click on Poker tab on the top menu[[ChromeDriver: chrome on WINDOWS (a5aadba8e4186fe519262c5d65f4df44)] -> xpath: //a[contains(text(),'Poker')]]
2023-06-12 23:06:574 INFO  Homepage :26 - Click on accept cookies[[ChromeDriver: chrome on WINDOWS (024df3dd2a62b2a31f343b69b8bc0daa)] -> xpath: //label[contains(text(),'Accept')]]
2023-06-12 23:06:670 INFO  Homepage :36 - Click on Poker tab on the top menu[[ChromeDriver: chrome on WINDOWS (024df3dd2a62b2a31f343b69b8bc0daa)] -> xpath: //a[contains(text(),'Poker')]]
2023-06-12 23:06:761 INFO  Homepage :19 - Poker Games is not DisplayedProxy element for: DefaultElementLocator 'By.xpath: //h2[@class='section-heading']'
2023-06-12 23:06:314 INFO  Homepage :26 - Click on accept cookies[[ChromeDriver: chrome on WINDOWS (380d5ebed07932fc395e639e737dda4f)] -> xpath: //label[contains(text(),'Accept')]]
2023-06-12 23:06:408 INFO  Homepage :31 - Get Welcome Virginegames to store text[[ChromeDriver: chrome on WINDOWS (380d5ebed07932fc395e639e737dda4f)] -> xpath: //h1[contains(text(),'Welcome to Virgin Games')]]
2023-06-12 23:06:883 INFO  Homepage :26 - Click on accept cookies[[ChromeDriver: chrome on WINDOWS (f990fdec2a6c7f925c42a361cceea6fa)] -> xpath: //label[contains(text(),'Accept')]]
2023-06-12 23:06:985 INFO  Homepage :36 - Click on Poker tab on the top menu[[ChromeDriver: chrome on WINDOWS (f990fdec2a6c7f925c42a361cceea6fa)] -> xpath: //a[contains(text(),'Poker')]]
2023-06-12 23:06:514 INFO  Homepage :26 - Click on accept cookies[[ChromeDriver: chrome on WINDOWS (ee9c64dd41869e5c334e7d9eec52bfa7)] -> xpath: //label[contains(text(),'Accept')]]
2023-06-12 23:06:618 INFO  Homepage :36 - Click on Poker tab on the top menu[[ChromeDriver: chrome on WINDOWS (ee9c64dd41869e5c334e7d9eec52bfa7)] -> xpath: //a[contains(text(),'Poker')]]
2023-06-12 23:06:693 INFO  Homepage :19 - Poker Games is not DisplayedProxy element for: DefaultElementLocator 'By.xpath: //h2[@class='section-heading']'
2023-06-12 23:06:735 INFO  Homepage :26 - Click on accept cookies[[ChromeDriver: chrome on WINDOWS (e59e1d918ff79a3109b8b727ceb686c8)] -> xpath: //label[contains(text(),'Accept')]]
2023-06-12 23:06:839 INFO  Homepage :36 - Click on Poker tab on the top menu[[ChromeDriver: chrome on WINDOWS (e59e1d918ff79a3109b8b727ceb686c8)] -> xpath: //a[contains(text(),'Poker')]]
2023-06-12 23:06:965 INFO  Homepage :32 - Get number of games 0
2023-06-12 23:06:458 INFO  Homepage :26 - Click on accept cookies[[ChromeDriver: chrome on WINDOWS (6df46a23324abc96a2aee91bc4907b2c)] -> xpath: //label[contains(text(),'Accept')]]
2023-06-12 23:06:542 INFO  Homepage :36 - Click on Poker tab on the top menu[[ChromeDriver: chrome on WINDOWS (6df46a23324abc96a2aee91bc4907b2c)] -> xpath: //a[contains(text(),'Poker')]]
2023-06-12 23:06:705 INFO  Homepage :32 - Get number of games 0
2023-06-12 23:06:532 INFO  Homepage :26 - Click on accept cookies[[ChromeDriver: chrome on WINDOWS (32a3fd4f1e020ddf9ac4f22cb858d243)] -> xpath: //label[contains(text(),'Accept')]]
2023-06-12 23:06:624 INFO  Homepage :36 - Click on Poker tab on the top menu[[ChromeDriver: chrome on WINDOWS (32a3fd4f1e020ddf9ac4f22cb858d243)] -> xpath: //a[contains(text(),'Poker')]]
2023-06-12 23:06:777 INFO  Homepage :32 - Get number of games []
2023-06-12 23:06:927 INFO  Homepage :26 - Click on accept cookies[[ChromeDriver: chrome on WINDOWS (2442cfc651d24a4ca0cb2b09b22d3a0f)] -> xpath: //label[contains(text(),'Accept')]]
2023-06-12 23:06:06 INFO  Homepage :31 - Get Welcome Virginegames to store text[[ChromeDriver: chrome on WINDOWS (2442cfc651d24a4ca0cb2b09b22d3a0f)] -> xpath: //h1[contains(text(),'Welcome to Virgin Games')]]
2023-06-12 23:06:537 INFO  Homepage :26 - Click on accept cookies[[ChromeDriver: chrome on WINDOWS (95a20e53b8dde9863eb58db2d0bcf4a3)] -> xpath: //label[contains(text(),'Accept')]]
2023-06-12 23:06:624 INFO  Homepage :36 - Click on Poker tab on the top menu[[ChromeDriver: chrome on WINDOWS (95a20e53b8dde9863eb58db2d0bcf4a3)] -> xpath: //a[contains(text(),'Poker')]]
2023-06-13 00:06:941 INFO  Homepage :50 - Click on Menu Button on Home PageProxy element for: DefaultElementLocator 'By.xpath: //span[contains(text(),'Menu')]'
2023-06-13 00:06:176 INFO  Homepage :36 - Click on accept cookies[[ChromeDriver: chrome on WINDOWS (c13d359a1be808d9bcdd4a9ca9c44867)] -> xpath: //label[contains(text(),'Accept')]]
2023-06-13 00:06:665 INFO  Homepage :50 - Click on Menu Button on Home PageProxy element for: DefaultElementLocator 'By.xpath: //span[contains(text(),'Menu')]'
2023-06-13 00:06:07 INFO  Homepage :36 - Click on accept cookies[[ChromeDriver: chrome on WINDOWS (00b0cfcbc4c8197ad23c28458cf92004)] -> xpath: //label[contains(text(),'Accept')]]
2023-06-13 00:06:119 INFO  Homepage :41 - Get Welcome Virginegames to store text[[ChromeDriver: chrome on WINDOWS (00b0cfcbc4c8197ad23c28458cf92004)] -> xpath: //h1[contains(text(),'Welcome to Virgin Games')]]
2023-06-13 00:06:529 INFO  Homepage :36 - Click on accept cookies[[ChromeDriver: chrome on WINDOWS (aecaec3b85e33263bb7c5c0affc8a2d0)] -> xpath: //label[contains(text(),'Accept')]]
2023-06-13 00:06:680 INFO  Homepage :46 - Click on Poker tab on the top menu[[ChromeDriver: chrome on WINDOWS (aecaec3b85e33263bb7c5c0affc8a2d0)] -> xpath: //a[contains(text(),'Poker')]]
2023-06-13 00:06:893 INFO  Homepage :32 - Get number of games []
2023-06-13 10:06:156 INFO  Homepage :36 - Click on accept cookies[[ChromeDriver: chrome on WINDOWS (87b12f41c7b3e8654fb63697570bc031)] -> xpath: //label[contains(text(),'Accept')]]
2023-06-13 10:06:306 INFO  Homepage :41 - Get Welcome Virginegames to store text[[ChromeDriver: chrome on WINDOWS (87b12f41c7b3e8654fb63697570bc031)] -> xpath: //h1[contains(text(),'Welcome to Virgin Games')]]
2023-06-13 10:06:61 INFO  Homepage :36 - Click on accept cookies[[ChromeDriver: chrome on WINDOWS (e7d471ce8d0f3a0029a7a64fd1bb58e8)] -> xpath: //label[contains(text(),'Accept')]]
2023-06-13 10:06:191 INFO  Homepage :41 - Get Welcome Virginegames to store text[[ChromeDriver: chrome on WINDOWS (e7d471ce8d0f3a0029a7a64fd1bb58e8)] -> xpath: //h1[contains(text(),'Welcome to Virgin Games')]]
2023-06-13 10:06:662 INFO  Homepage :43 - Click on accept cookies[[ChromeDriver: chrome on WINDOWS (4edddcb0e2188a14914f884633106248)] -> xpath: //label[contains(text(),'Accept')]]
2023-06-13 10:06:879 INFO  Homepage :38 - Check if the logo id displayed on the footerProxy element for: DefaultElementLocator 'By.xpath: //body/div[@id='app-main']/div[1]/div[1]/div[1]/div[4]/footer[1]/div[1]/ul[1]/li[11]/a[1]/img[1]'
2023-06-13 10:06:418 INFO  Homepage :43 - Click on accept cookies[[ChromeDriver: chrome on WINDOWS (86c1b2bc7338b6dc30e0767539cedc70)] -> xpath: //label[contains(text(),'Accept')]]
2023-06-13 10:06:585 INFO  Homepage :38 - Check if the logo id displayed on the footerProxy element for: DefaultElementLocator 'By.xpath: //body/div[@id='app-main']/div[1]/div[1]/div[1]/div[4]/footer[1]/div[1]/ul[1]/li[11]/a[1]/img[1]'
2023-06-13 10:06:114 INFO  Homepage :43 - Click on accept cookies[[ChromeDriver: chrome on WINDOWS (4c5dcd3e7a28ea78504238660e76831e)] -> xpath: //label[contains(text(),'Accept')]]
2023-06-13 10:06:229 INFO  Homepage :38 - Check if the logo id displayed on the footerProxy element for: DefaultElementLocator 'By.xpath: //body/div[@id='app-main']/div[1]/div[1]/div[1]/div[4]/footer[1]/div[1]/ul[1]/li[11]/a[1]/img[1]'
2023-06-13 11:06:375 INFO  Homepage :43 - Click on accept cookies[[ChromeDriver: chrome on WINDOWS (3dd0f331d7372c0d7dac382a294993d8)] -> xpath: //label[contains(text(),'Accept')]]
2023-06-13 11:06:526 INFO  Homepage :38 - Verifying the messageProxy element for: DefaultElementLocator 'By.xpath: //strong[contains(text(),'WELCOME OFFER RULES')]'
2023-06-13 11:06:957 INFO  Homepage :43 - Click on accept cookies[[ChromeDriver: chrome on WINDOWS (342abfb089e6f29989413ee23611a84f)] -> xpath: //label[contains(text(),'Accept')]]
2023-06-13 11:06:117 INFO  Homepage :38 - Verifying the messageProxy element for: DefaultElementLocator 'By.xpath: //strong[contains(text(),'WELCOME OFFER RULES')]'
2023-06-13 12:06:973 INFO  Homepage :42 - Click on accept cookies[[ChromeDriver: chrome on WINDOWS (71b18bde902485f63a2f37ed487b77ae)] -> xpath: //label[contains(text(),'Accept')]]
2023-06-13 12:06:82 INFO  Homepage :38 - Verify the logoProxy element for: DefaultElementLocator 'By.xpath: //header/div[1]/div[1]/div[2]/div[1]/div[1]/h1[1]/a[1]/img[1]'
2023-06-13 13:06:543 INFO  Homepage :59 - Click on accept cookies[[ChromeDriver: chrome on WINDOWS (496b0ffb767ec72f0d71df1d27351bb1)] -> xpath: //label[contains(text(),'Accept')]]
2023-06-13 13:06:301 INFO  Homepage :46 - Click on accept cookies[[ChromeDriver: chrome on WINDOWS (62b03e674195a24ded8edb7cc4c5fb4f)] -> xpath: //label[contains(text(),'Accept')]]
2023-06-13 13:06:937 INFO  Homepage :46 - Click on accept cookies[[ChromeDriver: chrome on WINDOWS (5535dd39387324fe0ecb86657f89ed9e)] -> xpath: //label[contains(text(),'Accept')]]
2023-06-13 13:06:28 INFO  Homepage :51 - Get Welcome Virginegames to store text[[ChromeDriver: chrome on WINDOWS (5535dd39387324fe0ecb86657f89ed9e)] -> xpath: //h1[contains(text(),'Welcome to Virgin Games')]]
2023-06-13 13:06:747 INFO  Homepage :46 - Click on accept cookies[[ChromeDriver: chrome on WINDOWS (38f4780033d3575c08b6b4dc73135870)] -> xpath: //label[contains(text(),'Accept')]]
2023-06-13 13:06:839 INFO  Homepage :56 - Click on Poker tab on the top menu[[ChromeDriver: chrome on WINDOWS (38f4780033d3575c08b6b4dc73135870)] -> xpath: //a[contains(text(),'Poker')]]
2023-06-13 13:06:633 INFO  Homepage :46 - Click on accept cookies[[ChromeDriver: chrome on WINDOWS (4b0439914c7c78c68972ad5224e7466f)] -> xpath: //label[contains(text(),'Accept')]]
2023-06-13 13:06:792 INFO  Homepage :61 - Click on JoinProxy element for: DefaultElementLocator 'By.xpath: //img[@alt='Promotion']'
2023-06-13 13:06:288 INFO  Homepage :46 - Click on accept cookies[[ChromeDriver: chrome on WINDOWS (fff4bcc50b0b97f8aba94dd8a8a67419)] -> xpath: //label[contains(text(),'Accept')]]
2023-06-13 13:06:376 INFO  Homepage :51 - Get Welcome Virginegames to store text[[ChromeDriver: chrome on WINDOWS (fff4bcc50b0b97f8aba94dd8a8a67419)] -> xpath: //h1[contains(text(),'Welcome to Virgin Games')]]
2023-06-13 13:06:159 INFO  Homepage :46 - Click on accept cookies[[ChromeDriver: chrome on WINDOWS (705f108d1d3cf87ed566cf87021995e0)] -> xpath: //label[contains(text(),'Accept')]]
2023-06-13 13:06:256 INFO  Homepage :56 - Click on Poker tab on the top menu[[ChromeDriver: chrome on WINDOWS (705f108d1d3cf87ed566cf87021995e0)] -> xpath: //a[contains(text(),'Poker')]]
2023-06-13 13:06:100 INFO  Homepage :46 - Click on accept cookies[[ChromeDriver: chrome on WINDOWS (34335546eed2e4a34dc62b4d0b8b9004)] -> xpath: //label[contains(text(),'Accept')]]
2023-06-13 13:06:205 INFO  Homepage :61 - Click on JoinProxy element for: DefaultElementLocator 'By.xpath: //img[@alt='Promotion']'
2023-06-13 13:06:621 INFO  Homepage :46 - Click on accept cookies[[ChromeDriver: chrome on WINDOWS (cfec96262fde910c1732cc0575d21515)] -> xpath: //label[contains(text(),'Accept')]]
2023-06-13 13:06:309 INFO  Homepage :61 - Click on JoinProxy element for: DefaultElementLocator 'By.xpath: //img[@alt='Promotion']'
2023-06-13 13:06:368 INFO  Homepage :46 - Click on accept cookies[[ChromeDriver: chrome on WINDOWS (4d9793f2c23eb612dbd19f4d3d46fe16)] -> xpath: //label[contains(text(),'Accept')]]
2023-06-13 13:06:482 INFO  Homepage :61 - Click on JoinProxy element for: DefaultElementLocator 'By.xpath: //body/div[@id='app-main']/div[1]/div[1]/div[1]/div[4]/main[1]/div[1]/div[1]/div[1]/section[1]/div[1]/div[1]/a[1]/div[1]/div[1]/img[1]'
2023-06-15 13:06:265 INFO  Homepage :34 - Click on accept cookies[[ChromeDriver: chrome on WINDOWS (6f3c5a6ff5544625ee6f4858f7646e2f)] -> xpath: //label[contains(text(),'Accept')]]
2023-06-15 13:06:369 INFO  Homepage :39 - Get Welcome Virginegames to store text[[ChromeDriver: chrome on WINDOWS (6f3c5a6ff5544625ee6f4858f7646e2f)] -> xpath: //h1[contains(text(),'Welcome to Virgin Games')]]
2023-06-15 13:06:484 INFO  Homepage :34 - Click on accept cookies[[ChromeDriver: chrome on WINDOWS (4cf5631b0568a92f583237fdae711cf8)] -> xpath: //label[contains(text(),'Accept')]]
2023-06-15 13:06:615 INFO  Homepage :39 - Get Welcome Virginegames to store text[[ChromeDriver: chrome on WINDOWS (4cf5631b0568a92f583237fdae711cf8)] -> xpath: //h1[contains(text(),'Welcome to Virgin Games')]]
2023-06-15 13:06:19 INFO  Homepage :34 - Click on accept cookies[[ChromeDriver: chrome on WINDOWS (feb453c2db7f71f58991ae15e8f11bec)] -> xpath: //label[contains(text(),'Accept')]]
2023-06-15 13:06:153 INFO  Homepage :44 - Click on Poker tab on the top menu[[ChromeDriver: chrome on WINDOWS (feb453c2db7f71f58991ae15e8f11bec)] -> xpath: //a[contains(text(),'Poker')]]
2023-06-15 13:06:200 INFO  Homepage :34 - Click on accept cookies[[ChromeDriver: chrome on WINDOWS (00aaa41ba737d5b44d1c1fa783d8affe)] -> xpath: //label[contains(text(),'Accept')]]
2023-06-15 13:06:427 INFO  Homepage :49 - Click on JoinProxy element for: DefaultElementLocator 'By.xpath: //body/div[@id='app-main']/div[1]/div[1]/div[1]/div[4]/main[1]/div[1]/div[1]/div[1]/section[1]/div[1]/div[1]/a[1]/div[1]/div[1]/img[1]'
2023-06-15 14:06:54 INFO  Homepage :34 - Click on accept cookies[[ChromeDriver: chrome on WINDOWS (e02d04db59b1cd580642d9dd8bfba6af)] -> xpath: //label[contains(text(),'Accept')]]
2023-06-15 14:06:202 INFO  Homepage :39 - Get Welcome Virginegames to store text[[ChromeDriver: chrome on WINDOWS (e02d04db59b1cd580642d9dd8bfba6af)] -> xpath: //h1[contains(text(),'Welcome to Virgin Games')]]
2023-06-15 14:06:31 INFO  Homepage :34 - Click on accept cookies[[ChromeDriver: chrome on WINDOWS (2fdf15e9a1b06546850adf01625fc3db)] -> xpath: //label[contains(text(),'Accept')]]
2023-06-15 14:06:218 INFO  Homepage :44 - Click on Poker tab on the top menu[[ChromeDriver: chrome on WINDOWS (2fdf15e9a1b06546850adf01625fc3db)] -> xpath: //a[contains(text(),'Poker')]]
2023-06-15 14:06:656 INFO  Homepage :34 - Click on accept cookies[[ChromeDriver: chrome on WINDOWS (bb742be6abe50ec84335cf58edab3a5e)] -> xpath: //label[contains(text(),'Accept')]]
2023-06-15 14:06:796 INFO  Homepage :39 - Get Welcome Virginegames to store text[[ChromeDriver: chrome on WINDOWS (bb742be6abe50ec84335cf58edab3a5e)] -> xpath: //h1[contains(text(),'Welcome to Virgin Games')]]
2023-06-15 14:06:798 INFO  Homepage :34 - Click on accept cookies[[ChromeDriver: chrome on WINDOWS (30108501f79ce915f08c536d02b008f3)] -> xpath: //label[contains(text(),'Accept')]]
2023-06-15 14:06:962 INFO  Homepage :44 - Click on Poker tab on the top menu[[ChromeDriver: chrome on WINDOWS (30108501f79ce915f08c536d02b008f3)] -> xpath: //a[contains(text(),'Poker')]]
2023-06-15 14:06:155 INFO  Homepage :34 - Click on accept cookies[[ChromeDriver: chrome on WINDOWS (5c21519f2ebd3f900b6c7e1eccc4f4b5)] -> xpath: //label[contains(text(),'Accept')]]
2023-06-15 14:06:399 INFO  Homepage :49 - Click on JoinProxy element for: DefaultElementLocator 'By.xpath: //body/div[@id='app-main']/div[1]/div[1]/div[1]/div[4]/main[1]/div[1]/div[1]/div[1]/section[1]/div[1]/div[1]/a[1]/div[1]/div[1]/img[1]'
2023-06-15 14:06:956 INFO  Homepage :34 - Click on accept cookies[[ChromeDriver: chrome on WINDOWS (67375bab99d03856de62b65c4a8cbfae)] -> xpath: //label[contains(text(),'Accept')]]
2023-06-15 14:06:111 INFO  Homepage :39 - Get Welcome Virginegames to store text[[ChromeDriver: chrome on WINDOWS (67375bab99d03856de62b65c4a8cbfae)] -> xpath: //h1[contains(text(),'Welcome to Virgin Games')]]
2023-06-15 14:06:207 INFO  Homepage :34 - Click on accept cookies[[ChromeDriver: chrome on WINDOWS (bbd1d5f4e5fe15c4c49e1212ecd9e210)] -> xpath: //label[contains(text(),'Accept')]]
2023-06-15 14:06:380 INFO  Homepage :44 - Click on Poker tab on the top menu[[ChromeDriver: chrome on WINDOWS (bbd1d5f4e5fe15c4c49e1212ecd9e210)] -> xpath: //a[contains(text(),'Poker')]]
2023-06-15 14:06:500 INFO  Homepage :34 - Click on accept cookies[[ChromeDriver: chrome on WINDOWS (84559f013e9ed42a0fd30c6c70b58c4b)] -> xpath: //label[contains(text(),'Accept')]]
2023-06-15 14:06:773 INFO  Homepage :49 - Click on JoinProxy element for: DefaultElementLocator 'By.xpath: //header/div[1]/div[1]/div[3]/div[1]/span[1]/button[2]/span[1]/a[1]'
2023-06-15 15:06:584 INFO  Homepage :34 - Click on accept cookies[[ChromeDriver: chrome on WINDOWS (1f878ce2f84f1a3cf57389f5e0ea4d60)] -> xpath: //label[contains(text(),'Accept')]]
2023-06-15 15:06:741 INFO  Homepage :39 - Get Welcome Virginegames to store text[[ChromeDriver: chrome on WINDOWS (1f878ce2f84f1a3cf57389f5e0ea4d60)] -> xpath: //h1[contains(text(),'Welcome to Virgin Games')]]
2023-06-15 15:06:632 INFO  Homepage :34 - Click on accept cookies[[ChromeDriver: chrome on WINDOWS (bac33a3a1797c01b95670b02228a6c15)] -> xpath: //label[contains(text(),'Accept')]]
2023-06-15 15:06:786 INFO  Homepage :44 - Click on Poker tab on the top menu[[ChromeDriver: chrome on WINDOWS (bac33a3a1797c01b95670b02228a6c15)] -> xpath: //a[contains(text(),'Poker')]]
2023-06-15 15:06:851 INFO  Homepage :34 - Click on accept cookies[[ChromeDriver: chrome on WINDOWS (bf2b0b8fe46b6991088cbd6ee0409370)] -> xpath: //label[contains(text(),'Accept')]]
2023-06-15 15:06:627 INFO  Homepage :49 - Click on JoinProxy element for: DefaultElementLocator 'By.xpath: //header/div[1]/div[1]/div[3]/div[1]/span[1]/button[2]/span[1]/a[1]'
2023-06-15 15:06:605 INFO  Homepage :34 - Click on accept cookies[[ChromeDriver: chrome on WINDOWS (dd34abb695d2fef9971712894f75fe3a)] -> xpath: //label[contains(text(),'Accept')]]
2023-06-15 15:06:776 INFO  Homepage :39 - Get Welcome Virginegames to store text[[ChromeDriver: chrome on WINDOWS (dd34abb695d2fef9971712894f75fe3a)] -> xpath: //h1[contains(text(),'Welcome to Virgin Games')]]
2023-06-15 15:06:880 INFO  Homepage :34 - Click on accept cookies[[ChromeDriver: chrome on WINDOWS (67a18a609c7d9c89edbc5ff26dbf2f4a)] -> xpath: //label[contains(text(),'Accept')]]
2023-06-15 15:06:67 INFO  Homepage :44 - Click on Poker tab on the top menu[[ChromeDriver: chrome on WINDOWS (67a18a609c7d9c89edbc5ff26dbf2f4a)] -> xpath: //a[contains(text(),'Poker')]]
2023-06-15 15:06:582 INFO  Homepage :34 - Click on accept cookies[[ChromeDriver: chrome on WINDOWS (54bf4f8464e8c7cbc821d012092a6849)] -> xpath: //label[contains(text(),'Accept')]]
2023-06-15 15:06:809 INFO  Homepage :49 - Click on Join[[ChromeDriver: chrome on WINDOWS (54bf4f8464e8c7cbc821d012092a6849)] -> xpath: //*[@id="styledApp"]/header/span/a[2]]
2023-06-15 15:06:385 INFO  Homepage :53 - Verify the text Pardon Our Interruption[[ChromeDriver: chrome on WINDOWS (54bf4f8464e8c7cbc821d012092a6849)] -> xpath: //*[@id="interstitial-body"]/h1]
2023-06-16 17:06:934 INFO  Homepage :34 - Click on accept cookies[[ChromeDriver: chrome on WINDOWS (a1fb27c71f6cbcf2cbf880fc0770ef59)] -> xpath: //label[contains(text(),'Accept')]]
2023-06-16 17:06:88 INFO  Homepage :39 - Get Welcome Virginegames to store text[[ChromeDriver: chrome on WINDOWS (a1fb27c71f6cbcf2cbf880fc0770ef59)] -> xpath: //h1[contains(text(),'Welcome to Virgin Games')]]
2023-06-16 17:06:38 INFO  Homepage :34 - Click on accept cookies[[ChromeDriver: chrome on WINDOWS (5efe622e9c09ba5a68de9e7544675013)] -> xpath: //label[contains(text(),'Accept')]]
2023-06-16 17:06:176 INFO  Homepage :44 - Click on Poker tab on the top menu[[ChromeDriver: chrome on WINDOWS (5efe622e9c09ba5a68de9e7544675013)] -> xpath: //a[contains(text(),'Poker')]]
2023-06-16 17:06:423 INFO  Homepage :34 - Click on accept cookies[[ChromeDriver: chrome on WINDOWS (15c3690a3c635714153215c3d0d899c6)] -> xpath: //label[contains(text(),'Accept')]]
2023-06-16 17:06:594 INFO  Homepage :49 - Click on Join[[ChromeDriver: chrome on WINDOWS (15c3690a3c635714153215c3d0d899c6)] -> xpath: //*[@id="styledApp"]/header/span/a[2]]
2023-06-16 17:06:932 INFO  Homepage :53 - Verify the text Pardon Our Interruption[[ChromeDriver: chrome on WINDOWS (15c3690a3c635714153215c3d0d899c6)] -> xpath: //*[@id="interstitial-body"]/h1]
2023-06-16 18:06:494 INFO  Homepage :34 - Click on accept cookies[[ChromeDriver: chrome on WINDOWS (e53e1990d87e4d0bb29681a945c3fa73)] -> xpath: //label[contains(text(),'Accept')]]
2023-06-16 18:06:630 INFO  Homepage :39 - Get Welcome Virginegames to store text[[ChromeDriver: chrome on WINDOWS (e53e1990d87e4d0bb29681a945c3fa73)] -> xpath: //h1[contains(text(),'Welcome to Virgin Games')]]
2023-06-16 18:06:665 INFO  Homepage :34 - Click on accept cookies[[ChromeDriver: chrome on WINDOWS (b8cddf349d27ce6908e78573656cd8c5)] -> xpath: //label[contains(text(),'Accept')]]
2023-06-16 18:06:846 INFO  Homepage :44 - Click on Poker tab on the top menu[[ChromeDriver: chrome on WINDOWS (b8cddf349d27ce6908e78573656cd8c5)] -> xpath: //a[contains(text(),'Poker')]]
2023-06-16 18:06:821 INFO  Homepage :34 - Click on accept cookies[[ChromeDriver: chrome on WINDOWS (16311015fc874e3b8cf4f68d59432979)] -> xpath: //label[contains(text(),'Accept')]]
2023-06-16 18:06:968 INFO  Homepage :49 - Click on Join[[ChromeDriver: chrome on WINDOWS (16311015fc874e3b8cf4f68d59432979)] -> xpath: //*[@id="styledApp"]/header/span/a[2]]
2023-06-16 18:06:171 INFO  Homepage :53 - Verify the text Pardon Our Interruption[[ChromeDriver: chrome on WINDOWS (16311015fc874e3b8cf4f68d59432979)] -> xpath: //*[@id="interstitial-body"]/h1]
2023-06-16 18:06:937 INFO  Homepage :34 - Click on accept cookies[[ChromeDriver: chrome on WINDOWS (41a67c64f7069612fb11974a504b9d45)] -> xpath: //label[contains(text(),'Accept')]]
2023-06-16 18:06:69 INFO  Homepage :39 - Get Welcome Virginegames to store text[[ChromeDriver: chrome on WINDOWS (41a67c64f7069612fb11974a504b9d45)] -> xpath: //h1[contains(text(),'Welcome to Virgin Games')]]
2023-06-16 18:06:990 INFO  Homepage :34 - Click on accept cookies[[ChromeDriver: chrome on WINDOWS (53f1cdd24a65673082a896509446baa6)] -> xpath: //label[contains(text(),'Accept')]]
2023-06-16 18:06:190 INFO  Homepage :44 - Click on Poker tab on the top menu[[ChromeDriver: chrome on WINDOWS (53f1cdd24a65673082a896509446baa6)] -> xpath: //a[contains(text(),'Poker')]]
2023-06-16 18:06:343 INFO  Homepage :34 - Click on accept cookies[[ChromeDriver: chrome on WINDOWS (6d8a9b7311634c8cecd81650f9fa6693)] -> xpath: //label[contains(text(),'Accept')]]
2023-06-16 18:06:514 INFO  Homepage :49 - Click on Join[[ChromeDriver: chrome on WINDOWS (6d8a9b7311634c8cecd81650f9fa6693)] -> xpath: //*[@id="styledApp"]/header/span/a[2]]
2023-06-16 18:06:776 INFO  Homepage :53 - Verify the text Pardon Our Interruption[[ChromeDriver: chrome on WINDOWS (6d8a9b7311634c8cecd81650f9fa6693)] -> xpath: //*[@id="interstitial-body"]/h1]
2023-06-16 23:06:127 INFO  Homepage :34 - Click on accept cookies[[ChromeDriver: chrome on WINDOWS (bc21f9ad2f70118e049f7f8be3411548)] -> xpath: //label[contains(text(),'Accept')]]
2023-06-16 23:06:218 INFO  Homepage :39 - Get Welcome Virginegames to store text[[ChromeDriver: chrome on WINDOWS (bc21f9ad2f70118e049f7f8be3411548)] -> xpath: //h1[contains(text(),'Welcome to Virgin Games')]]
2023-06-16 23:06:986 INFO  Homepage :34 - Click on accept cookies[[ChromeDriver: chrome on WINDOWS (bcbb3d8c67a23c3c0deb44e54ef73b4e)] -> xpath: //label[contains(text(),'Accept')]]
2023-06-16 23:06:60 INFO  Homepage :44 - Click on Poker tab on the top menu[[ChromeDriver: chrome on WINDOWS (bcbb3d8c67a23c3c0deb44e54ef73b4e)] -> xpath: //a[contains(text(),'Poker')]]
2023-06-16 23:06:992 INFO  Homepage :34 - Click on accept cookies[[ChromeDriver: chrome on WINDOWS (5f37e9d56f818808b33eb5d42c01366f)] -> xpath: //label[contains(text(),'Accept')]]
2023-06-16 23:06:97 INFO  Homepage :49 - Click on Join[[ChromeDriver: chrome on WINDOWS (5f37e9d56f818808b33eb5d42c01366f)] -> xpath: //*[@id="styledApp"]/header/span/a[2]]
2023-06-16 23:06:222 INFO  Homepage :54 - Verify the text Pardon Our Interruption[[ChromeDriver: chrome on WINDOWS (5f37e9d56f818808b33eb5d42c01366f)] -> xpath: //*[@id="interstitial-body"]/h1]
2023-06-16 23:06:126 INFO  Homepage :34 - Click on accept cookies[[ChromeDriver: chrome on WINDOWS (6f89abf6af118bd615a0c44f289e2b94)] -> xpath: //label[contains(text(),'Accept')]]
2023-06-16 23:06:209 INFO  Homepage :39 - Get Welcome Virginegames to store text[[ChromeDriver: chrome on WINDOWS (6f89abf6af118bd615a0c44f289e2b94)] -> xpath: //h1[contains(text(),'Welcome to Virgin Games')]]
2023-06-16 23:06:65 INFO  Homepage :34 - Click on accept cookies[[ChromeDriver: chrome on WINDOWS (d46e30635e9ca5fa48f10db9b7f4599d)] -> xpath: //label[contains(text(),'Accept')]]
2023-06-16 23:06:146 INFO  Homepage :44 - Click on Poker tab on the top menu[[ChromeDriver: chrome on WINDOWS (d46e30635e9ca5fa48f10db9b7f4599d)] -> xpath: //a[contains(text(),'Poker')]]
2023-06-16 23:06:957 INFO  Homepage :34 - Click on accept cookies[[ChromeDriver: chrome on WINDOWS (900ce420fef576712fc633ec0b11d66f)] -> xpath: //label[contains(text(),'Accept')]]
2023-06-16 23:06:50 INFO  Homepage :49 - Click on Join[[ChromeDriver: chrome on WINDOWS (900ce420fef576712fc633ec0b11d66f)] -> xpath: //*[@id="styledApp"]/header/span/a[2]]
2023-06-16 23:06:196 INFO  Homepage :54 - Verify the text Pardon Our Interruption[[ChromeDriver: chrome on WINDOWS (900ce420fef576712fc633ec0b11d66f)] -> xpath: //*[@id="interstitial-body"]/h1]
2023-06-16 23:06:105 INFO  Homepage :34 - Click on accept cookies[[ChromeDriver: chrome on WINDOWS (f8dc99fe291c201616b52310c69ab40c)] -> xpath: //label[contains(text(),'Accept')]]
2023-06-16 23:06:258 INFO  Homepage :54 - Verify the text Pardon Our InterruptionProxy element for: DefaultElementLocator 'By.xpath: //*[@id="interstitial-body"]/h1'
2023-06-16 23:06:371 INFO  Homepage :34 - Click on accept cookies[[ChromeDriver: chrome on WINDOWS (ed5f7b0babb02639907a3349b4b26a4a)] -> xpath: //label[contains(text(),'Accept')]]
2023-06-16 23:06:451 INFO  Homepage :39 - Get Welcome Virginegames to store text[[ChromeDriver: chrome on WINDOWS (ed5f7b0babb02639907a3349b4b26a4a)] -> xpath: //h1[contains(text(),'Welcome to Virgin Games')]]
2023-06-16 23:06:966 INFO  Homepage :34 - Click on accept cookies[[ChromeDriver: chrome on WINDOWS (6cab966847906b43fc962b50c06dc1d1)] -> xpath: //label[contains(text(),'Accept')]]
2023-06-16 23:06:47 INFO  Homepage :44 - Click on Poker tab on the top menu[[ChromeDriver: chrome on WINDOWS (6cab966847906b43fc962b50c06dc1d1)] -> xpath: //a[contains(text(),'Poker')]]
2023-06-16 23:06:520 INFO  Homepage :34 - Click on accept cookies[[ChromeDriver: chrome on WINDOWS (66f575638f131dc63ce5f27ddb48e720)] -> xpath: //label[contains(text(),'Accept')]]
2023-06-16 23:06:622 INFO  Homepage :49 - Click on Join[[ChromeDriver: chrome on WINDOWS (66f575638f131dc63ce5f27ddb48e720)] -> xpath: //*[@id="styledApp"]/header/span/a[2]]
2023-06-16 23:06:758 INFO  Homepage :54 - Verify the text Pardon Our Interruption[[ChromeDriver: chrome on WINDOWS (66f575638f131dc63ce5f27ddb48e720)] -> xpath: //*[@id="interstitial-body"]/h1]
2023-06-16 23:06:181 INFO  Homepage :34 - Click on accept cookies[[ChromeDriver: chrome on WINDOWS (811e87561d1b1d4928327b76983b9b66)] -> xpath: //label[contains(text(),'Accept')]]
2023-06-16 23:06:291 INFO  Homepage :54 - Verify the text Pardon Our InterruptionProxy element for: DefaultElementLocator 'By.xpath: //*[@id="interstitial-body"]/h1'
2023-06-16 23:06:474 INFO  Homepage :34 - Click on accept cookies[[ChromeDriver: chrome on WINDOWS (3d14398d0d0734df1e95fc281546ba49)] -> xpath: //label[contains(text(),'Accept')]]
2023-06-16 23:06:567 INFO  Homepage :39 - Get Welcome Virginegames to store text[[ChromeDriver: chrome on WINDOWS (3d14398d0d0734df1e95fc281546ba49)] -> xpath: //h1[contains(text(),'Welcome to Virgin Games')]]
2023-06-16 23:06:42 INFO  Homepage :34 - Click on accept cookies[[ChromeDriver: chrome on WINDOWS (0188d55bba1780d8125550b7ea0cac85)] -> xpath: //label[contains(text(),'Accept')]]
2023-06-16 23:06:119 INFO  Homepage :44 - Click on Poker tab on the top menu[[ChromeDriver: chrome on WINDOWS (0188d55bba1780d8125550b7ea0cac85)] -> xpath: //a[contains(text(),'Poker')]]
2023-06-16 23:06:589 INFO  Homepage :34 - Click on accept cookies[[ChromeDriver: chrome on WINDOWS (58dababcbeafb4f88cebf6c2c7adf169)] -> xpath: //label[contains(text(),'Accept')]]
2023-06-16 23:06:699 INFO  Homepage :49 - Click on Join[[ChromeDriver: chrome on WINDOWS (58dababcbeafb4f88cebf6c2c7adf169)] -> xpath: //*[@id="styledApp"]/header/span/a[2]]
2023-06-16 23:06:884 INFO  Homepage :54 - Verify the text Pardon Our Interruption[[ChromeDriver: chrome on WINDOWS (58dababcbeafb4f88cebf6c2c7adf169)] -> xpath: //*[@id="interstitial-body"]/h1]
2023-06-16 23:06:603 INFO  Homepage :34 - Click on accept cookies[[ChromeDriver: chrome on WINDOWS (7b0d8af03572dccc8ec8811283f7e086)] -> xpath: //label[contains(text(),'Accept')]]
2023-06-16 23:06:409 INFO  Homepage :54 - Verify the text Pardon Our InterruptionProxy element for: DefaultElementLocator 'By.xpath: //*[@id="interstitial-body"]/h1'
2023-06-16 23:06:554 INFO  Homepage :34 - Click on accept cookies[[ChromeDriver: chrome on WINDOWS (f40881f168ab1422a4c06187d8fcd017)] -> xpath: //label[contains(text(),'Accept')]]
2023-06-16 23:06:641 INFO  Homepage :39 - Get Welcome Virginegames to store text[[ChromeDriver: chrome on WINDOWS (f40881f168ab1422a4c06187d8fcd017)] -> xpath: //h1[contains(text(),'Welcome to Virgin Games')]]
2023-06-16 23:06:257 INFO  Homepage :34 - Click on accept cookies[[ChromeDriver: chrome on WINDOWS (0d36c202e3cd719a3528e295f6e934e3)] -> xpath: //label[contains(text(),'Accept')]]
2023-06-16 23:06:353 INFO  Homepage :44 - Click on Poker tab on the top menu[[ChromeDriver: chrome on WINDOWS (0d36c202e3cd719a3528e295f6e934e3)] -> xpath: //a[contains(text(),'Poker')]]
2023-06-16 23:06:838 INFO  Homepage :34 - Click on accept cookies[[ChromeDriver: chrome on WINDOWS (44cc40682e843deddf9f2e6567d4e8eb)] -> xpath: //label[contains(text(),'Accept')]]
2023-06-16 23:06:948 INFO  Homepage :49 - Click on Join[[ChromeDriver: chrome on WINDOWS (44cc40682e843deddf9f2e6567d4e8eb)] -> xpath: //*[@id="styledApp"]/header/span/a[2]]
2023-06-16 23:06:92 INFO  Homepage :54 - Verify the text Pardon Our Interruption[[ChromeDriver: chrome on WINDOWS (44cc40682e843deddf9f2e6567d4e8eb)] -> xpath: //*[@id="interstitial-body"]/h1]
2023-06-16 23:06:603 INFO  Homepage :34 - Click on accept cookies[[ChromeDriver: chrome on WINDOWS (d9ef1b61020c5978b2f85163f354a4e6)] -> xpath: //label[contains(text(),'Accept')]]
2023-06-16 23:06:625 INFO  Homepage :34 - Click on accept cookies[[ChromeDriver: chrome on WINDOWS (13388b4cc3a3c92ede4c3396c24ce017)] -> xpath: //label[contains(text(),'Accept')]]
2023-06-16 23:06:716 INFO  Homepage :39 - Get Welcome Virginegames to store text[[ChromeDriver: chrome on WINDOWS (13388b4cc3a3c92ede4c3396c24ce017)] -> xpath: //h1[contains(text(),'Welcome to Virgin Games')]]
2023-06-16 23:06:135 INFO  Homepage :34 - Click on accept cookies[[ChromeDriver: chrome on WINDOWS (b10c1e69fa7c5b8db2ad2eec89f26455)] -> xpath: //label[contains(text(),'Accept')]]
2023-06-16 23:06:225 INFO  Homepage :44 - Click on Poker tab on the top menu[[ChromeDriver: chrome on WINDOWS (b10c1e69fa7c5b8db2ad2eec89f26455)] -> xpath: //a[contains(text(),'Poker')]]
2023-06-16 23:06:671 INFO  Homepage :34 - Click on accept cookies[[ChromeDriver: chrome on WINDOWS (c3ebab364037856bd60d7a38ae8f1149)] -> xpath: //label[contains(text(),'Accept')]]
2023-06-16 23:06:769 INFO  Homepage :49 - Click on Join[[ChromeDriver: chrome on WINDOWS (c3ebab364037856bd60d7a38ae8f1149)] -> xpath: //*[@id="styledApp"]/header/span/a[2]]
2023-06-16 23:06:916 INFO  Homepage :54 - Verify the text Pardon Our Interruption[[ChromeDriver: chrome on WINDOWS (c3ebab364037856bd60d7a38ae8f1149)] -> xpath: //*[@id="interstitial-body"]/h1]
2023-06-16 23:06:300 INFO  Homepage :34 - Click on accept cookies[[ChromeDriver: chrome on WINDOWS (b7c596e1837599ef35b6a78c38c01048)] -> xpath: //label[contains(text(),'Accept')]]
2023-06-16 23:06:406 INFO  Homepage :54 - Verify the text Pardon Our InterruptionProxy element for: DefaultElementLocator 'By.xpath: //*[@id="interstitial-body"]/h1'
2023-06-16 23:06:469 INFO  Homepage :34 - Click on accept cookies[[ChromeDriver: chrome on WINDOWS (e7f51addd204b509c2d90f6385be41e3)] -> xpath: //label[contains(text(),'Accept')]]
2023-06-16 23:06:559 INFO  Homepage :39 - Get Welcome Virginegames to store text[[ChromeDriver: chrome on WINDOWS (e7f51addd204b509c2d90f6385be41e3)] -> xpath: //h1[contains(text(),'Welcome to Virgin Games')]]
2023-06-16 23:06:519 INFO  Homepage :34 - Click on accept cookies[[ChromeDriver: chrome on WINDOWS (20e53aa857b7de713142e1b960fe4df6)] -> xpath: //label[contains(text(),'Accept')]]
2023-06-16 23:06:619 INFO  Homepage :44 - Click on Poker tab on the top menu[[ChromeDriver: chrome on WINDOWS (20e53aa857b7de713142e1b960fe4df6)] -> xpath: //a[contains(text(),'Poker')]]
2023-06-16 23:06:75 INFO  Homepage :34 - Click on accept cookies[[ChromeDriver: chrome on WINDOWS (657c5c0eb7c1a1ea8a3459210a6cd7f2)] -> xpath: //label[contains(text(),'Accept')]]
2023-06-16 23:06:164 INFO  Homepage :49 - Click on Join[[ChromeDriver: chrome on WINDOWS (657c5c0eb7c1a1ea8a3459210a6cd7f2)] -> xpath: //*[@id="styledApp"]/header/span/a[2]]
2023-06-16 23:06:296 INFO  Homepage :54 - Verify the text Pardon Our Interruption[[ChromeDriver: chrome on WINDOWS (657c5c0eb7c1a1ea8a3459210a6cd7f2)] -> xpath: //*[@id="interstitial-body"]/h1]
2023-06-16 23:06:749 INFO  Homepage :34 - Click on accept cookies[[ChromeDriver: chrome on WINDOWS (64ac82f14d56208ded20de16fddb55f6)] -> xpath: //label[contains(text(),'Accept')]]
2023-06-16 23:06:895 INFO  Homepage :54 - Verify the text Pardon Our InterruptionProxy element for: DefaultElementLocator 'By.xpath: //*[@id="interstitial-body"]/h1'
2023-06-17 12:06:73 INFO  Homepage :34 - Click on accept cookies[[ChromeDriver: chrome on WINDOWS (3a18987a4efe40bb59ee7e1ba53b02bc)] -> xpath: //label[contains(text(),'Accept')]]
2023-06-17 12:06:225 INFO  Homepage :39 - Get Welcome Virginegames to store text[[ChromeDriver: chrome on WINDOWS (3a18987a4efe40bb59ee7e1ba53b02bc)] -> xpath: //h1[contains(text(),'Welcome to Virgin Games')]]
2023-06-17 12:06:655 INFO  Homepage :34 - Click on accept cookies[[ChromeDriver: chrome on WINDOWS (2a500f3d53f92682bafc398a593b6fdc)] -> xpath: //label[contains(text(),'Accept')]]
2023-06-17 12:06:825 INFO  Homepage :44 - Click on Poker tab on the top menu[[ChromeDriver: chrome on WINDOWS (2a500f3d53f92682bafc398a593b6fdc)] -> xpath: //a[contains(text(),'Poker')]]
2023-06-17 12:06:852 INFO  Homepage :34 - Click on accept cookies[[ChromeDriver: chrome on WINDOWS (f9e0050059f647f9e47d0490b96cb5ac)] -> xpath: //label[contains(text(),'Accept')]]
2023-06-17 12:06:00 INFO  Homepage :49 - Click on Join[[ChromeDriver: chrome on WINDOWS (f9e0050059f647f9e47d0490b96cb5ac)] -> xpath: //*[@id="styledApp"]/header/span/a[2]]
2023-06-17 12:06:179 INFO  Homepage :54 - Verify the text Pardon Our Interruption[[ChromeDriver: chrome on WINDOWS (f9e0050059f647f9e47d0490b96cb5ac)] -> xpath: //*[@id="interstitial-body"]/h1]
2023-06-17 12:06:32 INFO  Homepage :34 - Click on accept cookies[[ChromeDriver: chrome on WINDOWS (aa8d7e703bf2d9e3fdae8996af115bb6)] -> xpath: //label[contains(text(),'Accept')]]
2023-06-17 12:06:206 INFO  Homepage :54 - Verify the text Pardon Our InterruptionProxy element for: DefaultElementLocator 'By.xpath: //*[@id="interstitial-body"]/h1'
2023-06-17 12:06:407 INFO  Homepage :34 - Click on accept cookies[[ChromeDriver: chrome on WINDOWS (9f2d79bd6e69cadebe0eddea2e661c22)] -> xpath: //label[contains(text(),'Accept')]]
2023-06-17 12:06:542 INFO  Homepage :39 - Get Welcome Virginegames to store text[[ChromeDriver: chrome on WINDOWS (9f2d79bd6e69cadebe0eddea2e661c22)] -> xpath: //h1[contains(text(),'Welcome to Virgin Games')]]
2023-06-17 12:06:243 INFO  Homepage :34 - Click on accept cookies[[ChromeDriver: chrome on WINDOWS (4d8db64d009e9b9831eda9349abc4782)] -> xpath: //label[contains(text(),'Accept')]]
2023-06-17 12:06:404 INFO  Homepage :44 - Click on Poker tab on the top menu[[ChromeDriver: chrome on WINDOWS (4d8db64d009e9b9831eda9349abc4782)] -> xpath: //a[contains(text(),'Poker')]]
2023-06-17 12:06:683 INFO  Homepage :34 - Click on accept cookies[[ChromeDriver: chrome on WINDOWS (50aa9abfc2620f8bb31605025ec41fd3)] -> xpath: //label[contains(text(),'Accept')]]
2023-06-17 12:06:860 INFO  Homepage :49 - Click on Join[[ChromeDriver: chrome on WINDOWS (50aa9abfc2620f8bb31605025ec41fd3)] -> xpath: //*[@id="styledApp"]/header/span/a[2]]
2023-06-17 12:06:82 INFO  Homepage :54 - Verify the text Pardon Our Interruption[[ChromeDriver: chrome on WINDOWS (50aa9abfc2620f8bb31605025ec41fd3)] -> xpath: //*[@id="interstitial-body"]/h1]
2023-06-17 12:06:488 INFO  Homepage :34 - Click on accept cookies[[ChromeDriver: chrome on WINDOWS (8b32cfc206ecf8e4e590352bf43d2287)] -> xpath: //label[contains(text(),'Accept')]]
2023-06-17 12:06:669 INFO  Homepage :54 - Verify the text Pardon Our InterruptionProxy element for: DefaultElementLocator 'By.xpath: //*[@id="interstitial-body"]/h1'
2023-06-17 12:06:42 INFO  Homepage :34 - Click on accept cookies[[ChromeDriver: chrome on WINDOWS (3a75bda148a60d543804c97178d5869d)] -> xpath: //label[contains(text(),'Accept')]]
2023-06-17 12:06:174 INFO  Homepage :39 - Get Welcome Virginegames to store text[[ChromeDriver: chrome on WINDOWS (3a75bda148a60d543804c97178d5869d)] -> xpath: //h1[contains(text(),'Welcome to Virgin Games')]]
2023-06-17 12:06:930 INFO  Homepage :34 - Click on accept cookies[[ChromeDriver: chrome on WINDOWS (a5f216f3076bc679d59bc7a23d1d176b)] -> xpath: //label[contains(text(),'Accept')]]
2023-06-17 12:06:93 INFO  Homepage :44 - Click on Poker tab on the top menu[[ChromeDriver: chrome on WINDOWS (a5f216f3076bc679d59bc7a23d1d176b)] -> xpath: //a[contains(text(),'Poker')]]
2023-06-17 12:06:80 INFO  Homepage :34 - Click on accept cookies[[ChromeDriver: chrome on WINDOWS (609bbf48274ea43d382be4544afacb69)] -> xpath: //label[contains(text(),'Accept')]]
2023-06-17 12:06:233 INFO  Homepage :49 - Click on Join[[ChromeDriver: chrome on WINDOWS (609bbf48274ea43d382be4544afacb69)] -> xpath: //*[@id="styledApp"]/header/span/a[2]]
2023-06-17 12:06:495 INFO  Homepage :54 - Verify the text Pardon Our Interruption[[ChromeDriver: chrome on WINDOWS (609bbf48274ea43d382be4544afacb69)] -> xpath: //*[@id="interstitial-body"]/h1]
2023-06-17 12:06:330 INFO  Homepage :34 - Click on accept cookies[[ChromeDriver: chrome on WINDOWS (f957d84959b97aec6cc2fc9420324e4c)] -> xpath: //label[contains(text(),'Accept')]]
2023-06-17 12:06:596 INFO  Homepage :54 - Verify the text Pardon Our InterruptionProxy element for: DefaultElementLocator 'By.xpath: //*[@id="interstitial-body"]/h1'
2023-06-17 14:06:15 INFO  Homepage :31 - Click on accept cookies[[ChromeDriver: chrome on WINDOWS (0629f395425dd19ee5d82b79808eff7a)] -> xpath: //label[contains(text(),'Accept')]]
2023-06-17 14:06:179 INFO  Homepage :36 - Get Welcome Virginegames to store text[[ChromeDriver: chrome on WINDOWS (0629f395425dd19ee5d82b79808eff7a)] -> xpath: //h1[contains(text(),'Welcome to Virgin Games')]]
2023-06-17 14:06:183 INFO  Homepage :31 - Click on accept cookies[[ChromeDriver: chrome on WINDOWS (2bedd0c80b0dacb665e9e04b574c21e9)] -> xpath: //label[contains(text(),'Accept')]]
2023-06-17 14:06:347 INFO  Homepage :46 - Click on Join[[ChromeDriver: chrome on WINDOWS (2bedd0c80b0dacb665e9e04b574c21e9)] -> xpath: //*[@id="styledApp"]/header/span/a[2]]
2023-06-17 14:06:651 INFO  Homepage :31 - Click on accept cookies[[ChromeDriver: chrome on WINDOWS (1d429ee5b600ca9a566e1396f6a1ecd0)] -> xpath: //label[contains(text(),'Accept')]]
2023-06-17 14:06:820 INFO  Homepage :41 - Click on Poker tab on the top menu[[ChromeDriver: chrome on WINDOWS (1d429ee5b600ca9a566e1396f6a1ecd0)] -> xpath: //a[contains(text(),'Poker')]]
2023-06-17 14:06:49 INFO  Homepage :31 - Click on accept cookies[[ChromeDriver: chrome on WINDOWS (16dc6b77700bc418aa9e35a677dae4d2)] -> xpath: //label[contains(text(),'Accept')]]
2023-06-17 14:06:201 INFO  Homepage :19 - GetTop Five Poker Moments text[[ChromeDriver: chrome on WINDOWS (16dc6b77700bc418aa9e35a677dae4d2)] -> xpath: //*[@id="styledApp"]/div/section[2]/h1]
2023-06-17 14:06:514 INFO  Homepage :31 - Click on accept cookies[[ChromeDriver: chrome on WINDOWS (64f0d81e904fa11d72b50a925c9b2633)] -> xpath: //label[contains(text(),'Accept')]]
2023-06-17 14:06:636 INFO  Homepage :36 - Get Welcome Virginegames to store text[[ChromeDriver: chrome on WINDOWS (64f0d81e904fa11d72b50a925c9b2633)] -> xpath: //h1[contains(text(),'Welcome to Virgin Games')]]
2023-06-17 14:06:427 INFO  Homepage :31 - Click on accept cookies[[ChromeDriver: chrome on WINDOWS (72b759e45417813b0c545290db6c415b)] -> xpath: //label[contains(text(),'Accept')]]
2023-06-17 14:06:547 INFO  Homepage :46 - Click on Join[[ChromeDriver: chrome on WINDOWS (72b759e45417813b0c545290db6c415b)] -> xpath: //*[@id="styledApp"]/header/span/a[2]]
2023-06-17 14:06:394 INFO  Homepage :31 - Click on accept cookies[[ChromeDriver: chrome on WINDOWS (456689ac2be60bfe5bde15e5d07eb764)] -> xpath: //label[contains(text(),'Accept')]]
2023-06-17 14:06:534 INFO  Homepage :41 - Click on Poker tab on the top menu[[ChromeDriver: chrome on WINDOWS (456689ac2be60bfe5bde15e5d07eb764)] -> xpath: //a[contains(text(),'Poker')]]
2023-06-17 14:06:437 INFO  Homepage :46 - Click on Join[[ChromeDriver: chrome on WINDOWS (48a31040c96699caa0749c9684e22580)] -> xpath: //*[@id="styledApp"]/header/span/a[2]]
2023-06-17 14:06:482 INFO  Homepage :31 - Click on accept cookies[[ChromeDriver: chrome on WINDOWS (94315f77c83191bb0e32371630722bd7)] -> xpath: //label[contains(text(),'Accept')]]
2023-06-17 14:06:594 INFO  Homepage :19 - GetTop Five Poker Moments text[[ChromeDriver: chrome on WINDOWS (94315f77c83191bb0e32371630722bd7)] -> xpath: //*[@id="styledApp"]/div/section[2]/h1]
2023-06-17 14:06:698 INFO  Homepage :31 - Click on accept cookies[[ChromeDriver: chrome on WINDOWS (76ee38ecb9f5bb1819f75b704114b18e)] -> xpath: //label[contains(text(),'Accept')]]
2023-06-17 14:06:832 INFO  Homepage :36 - Get Welcome Virginegames to store text[[ChromeDriver: chrome on WINDOWS (76ee38ecb9f5bb1819f75b704114b18e)] -> xpath: //h1[contains(text(),'Welcome to Virgin Games')]]
2023-06-17 14:06:843 INFO  Homepage :31 - Click on accept cookies[[ChromeDriver: chrome on WINDOWS (419c3090c931ab67922d7bdac54ab87f)] -> xpath: //label[contains(text(),'Accept')]]
2023-06-17 14:06:991 INFO  Homepage :46 - Click on Join[[ChromeDriver: chrome on WINDOWS (419c3090c931ab67922d7bdac54ab87f)] -> xpath: //*[@id="styledApp"]/header/span/a[2]]
2023-06-17 14:06:02 INFO  Homepage :31 - Click on accept cookies[[ChromeDriver: chrome on WINDOWS (04b9fb807262886767d18253f32657e7)] -> xpath: //label[contains(text(),'Accept')]]
2023-06-17 14:06:113 INFO  Homepage :41 - Click on Poker tab on the top menu[[ChromeDriver: chrome on WINDOWS (04b9fb807262886767d18253f32657e7)] -> xpath: //a[contains(text(),'Poker')]]
2023-06-17 14:06:997 INFO  Homepage :46 - Click on Join[[ChromeDriver: chrome on WINDOWS (7dadb5eba04d4fc7fccc0285483dcfa7)] -> xpath: //*[@id="styledApp"]/header/span/a[2]]
2023-06-17 14:06:590 INFO  Homepage :27 - Click on accept cookies[[ChromeDriver: chrome on WINDOWS (539f0ff6743288a5353657377563633f)] -> xpath: //label[contains(text(),'Accept')]]
2023-06-17 14:06:731 INFO  Homepage :32 - Get Welcome Virginegames to store text[[ChromeDriver: chrome on WINDOWS (539f0ff6743288a5353657377563633f)] -> xpath: //h1[contains(text(),'Welcome to Virgin Games')]]
2023-06-17 14:06:251 INFO  Homepage :27 - Click on accept cookies[[ChromeDriver: chrome on WINDOWS (adc43377a5a791dd3f2c031ebefb898b)] -> xpath: //label[contains(text(),'Accept')]]
2023-06-17 14:06:395 INFO  Homepage :37 - Click on Join[[ChromeDriver: chrome on WINDOWS (adc43377a5a791dd3f2c031ebefb898b)] -> xpath: //*[@id="styledApp"]/header/span/a[2]]
2023-06-17 14:06:433 INFO  Homepage :27 - Click on accept cookies[[ChromeDriver: chrome on WINDOWS (d9d6d74896b01c184e4c96454fc27971)] -> xpath: //label[contains(text(),'Accept')]]
2023-06-17 14:06:54 INFO  Homepage :37 - Click on Join[[ChromeDriver: chrome on WINDOWS (700b9b1c7a4443f20c03c8eac6481c06)] -> xpath: //*[@id="styledApp"]/header/span/a[2]]
2023-06-17 14:06:869 INFO  Homepage :27 - Click on accept cookies[[ChromeDriver: chrome on WINDOWS (00b14f528f9b44b4a98233563c7acce5)] -> xpath: //label[contains(text(),'Accept')]]
2023-06-17 14:06:957 INFO  Homepage :32 - Get Welcome Virginegames to store text[[ChromeDriver: chrome on WINDOWS (00b14f528f9b44b4a98233563c7acce5)] -> xpath: //h1[contains(text(),'Welcome to Virgin Games')]]
2023-06-17 14:06:430 INFO  Homepage :27 - Click on accept cookies[[ChromeDriver: chrome on WINDOWS (19b0793e51ef68cd2468ce7d9ab46a9b)] -> xpath: //label[contains(text(),'Accept')]]
2023-06-17 14:06:554 INFO  Homepage :37 - Click on Join[[ChromeDriver: chrome on WINDOWS (19b0793e51ef68cd2468ce7d9ab46a9b)] -> xpath: //*[@id="styledApp"]/header/span/a[2]]
2023-06-17 14:06:144 INFO  Homepage :27 - Click on accept cookies[[ChromeDriver: chrome on WINDOWS (984322d49f637a8edb54958c2c8f9a58)] -> xpath: //label[contains(text(),'Accept')]]
2023-06-17 14:06:700 INFO  Homepage :37 - Click on Join[[ChromeDriver: chrome on WINDOWS (8107ca36546f1a4b25486d07125951e7)] -> xpath: //*[@id="styledApp"]/header/span/a[2]]
2023-06-17 14:06:307 INFO  Homepage :27 - Click on accept cookies[[ChromeDriver: chrome on WINDOWS (176cd8391004aadc8fbdf91cfe842026)] -> xpath: //label[contains(text(),'Accept')]]
2023-06-17 14:06:395 INFO  Homepage :32 - Get Welcome Virginegames to store text[[ChromeDriver: chrome on WINDOWS (176cd8391004aadc8fbdf91cfe842026)] -> xpath: //h1[contains(text(),'Welcome to Virgin Games')]]
2023-06-17 14:06:837 INFO  Homepage :27 - Click on accept cookies[[ChromeDriver: chrome on WINDOWS (9202050a35297c3ed4d1d9a3b5c4a61f)] -> xpath: //label[contains(text(),'Accept')]]
2023-06-17 14:06:955 INFO  Homepage :37 - Click on Join[[ChromeDriver: chrome on WINDOWS (9202050a35297c3ed4d1d9a3b5c4a61f)] -> xpath: //*[@id="styledApp"]/header/span/a[2]]
2023-06-17 14:06:514 INFO  Homepage :37 - Click on Join[[ChromeDriver: chrome on WINDOWS (6cd04fb60cacc076b2843ad58e8e01c3)] -> xpath: //*[@id="styledApp"]/header/span/a[2]]
2023-06-17 14:06:456 INFO  Homepage :27 - Click on accept cookies[[ChromeDriver: chrome on WINDOWS (e6b4f34bda46c680050dab72df225d30)] -> xpath: //label[contains(text(),'Accept')]]
2023-06-17 14:06:543 INFO  Homepage :32 - Get Welcome Virginegames to store text[[ChromeDriver: chrome on WINDOWS (e6b4f34bda46c680050dab72df225d30)] -> xpath: //h1[contains(text(),'Welcome to Virgin Games')]]
2023-06-17 14:06:00 INFO  Homepage :27 - Click on accept cookies[[ChromeDriver: chrome on WINDOWS (4808ce9fe7e5592f883f126f56996fd7)] -> xpath: //label[contains(text(),'Accept')]]
2023-06-17 14:06:123 INFO  Homepage :37 - Click on Join[[ChromeDriver: chrome on WINDOWS (4808ce9fe7e5592f883f126f56996fd7)] -> xpath: //*[@id="styledApp"]/header/span/a[2]]
2023-06-17 14:06:732 INFO  Homepage :37 - Click on Join[[ChromeDriver: chrome on WINDOWS (ac623fbb62c258597c0f7e88d306646a)] -> xpath: //*[@id="styledApp"]/header/span/a[2]]
2023-06-17 14:06:182 INFO  Homepage :27 - Click on accept cookies[[ChromeDriver: chrome on WINDOWS (ea127a0bc60705285e5b0eaee745058b)] -> xpath: //label[contains(text(),'Accept')]]
2023-06-17 14:06:303 INFO  Homepage :32 - Get Welcome Virginegames to store text[[ChromeDriver: chrome on WINDOWS (ea127a0bc60705285e5b0eaee745058b)] -> xpath: //h1[contains(text(),'Welcome to Virgin Games')]]
2023-06-17 14:06:753 INFO  Homepage :27 - Click on accept cookies[[ChromeDriver: chrome on WINDOWS (5e1f2dd85c1b217cad4790ad83d7d8dd)] -> xpath: //label[contains(text(),'Accept')]]
2023-06-17 14:06:861 INFO  Homepage :37 - Click on JoinProxy element for: DefaultElementLocator 'By.xpath: //header/div[1]/div[1]/div[3]/div[1]/span[1]/button[2]/span[1]/a[1]'
2023-06-17 14:06:481 INFO  Homepage :27 - Click on accept cookies[[ChromeDriver: chrome on WINDOWS (d6d43aa18d011ec692845e6af985efd6)] -> xpath: //label[contains(text(),'Accept')]]
2023-06-17 14:06:579 INFO  Homepage :32 - Get Welcome Virginegames to store text[[ChromeDriver: chrome on WINDOWS (d6d43aa18d011ec692845e6af985efd6)] -> xpath: //h1[contains(text(),'Welcome to Virgin Games')]]
2023-06-17 14:06:957 INFO  Homepage :27 - Click on accept cookies[[ChromeDriver: chrome on WINDOWS (52fa21996c56af724f3f3f09dc1b7454)] -> xpath: //label[contains(text(),'Accept')]]
2023-06-17 14:06:125 INFO  Homepage :37 - Click on JoinProxy element for: DefaultElementLocator 'By.xpath: //header/div[1]/div[1]/div[3]/div[1]/span[1]/button[2]/span[1]/a[1]'
2023-06-17 14:06:586 INFO  Homepage :37 - Click on JoinProxy element for: DefaultElementLocator 'By.xpath: //header/div[1]/div[1]/div[3]/div[1]/span[1]/button[2]/span[1]/a[1]'
2023-06-17 14:06:625 INFO  Homepage :27 - Click on accept cookies[[ChromeDriver: chrome on WINDOWS (99b06e4e8e3a530f4f644a35110fe2bd)] -> xpath: //label[contains(text(),'Accept')]]
2023-06-17 14:06:709 INFO  Homepage :32 - Get Welcome Virginegames to store text[[ChromeDriver: chrome on WINDOWS (99b06e4e8e3a530f4f644a35110fe2bd)] -> xpath: //h1[contains(text(),'Welcome to Virgin Games')]]
2023-06-17 14:06:178 INFO  Homepage :27 - Click on accept cookies[[ChromeDriver: chrome on WINDOWS (7ceef46e03fb2897ea74ba01ca6eaf0a)] -> xpath: //label[contains(text(),'Accept')]]
2023-06-17 14:06:815 INFO  Homepage :37 - Click on JoinProxy element for: DefaultElementLocator 'By.xpath: //header/div[1]/div[1]/div[3]/div[1]/span[1]/button[2]/span[1]/a[1]'
2023-06-17 14:06:684 INFO  Homepage :27 - Click on accept cookies[[ChromeDriver: chrome on WINDOWS (2a72ef260be6d2ba8976c9bdf1395c63)] -> xpath: //label[contains(text(),'Accept')]]
2023-06-17 14:06:59 INFO  Homepage :19 - Verify the text Pardon Our InterruptionProxy element for: DefaultElementLocator 'By.xpath: //*[@id="interstitial-body"]/h1'
2023-06-17 15:06:516 INFO  Homepage :27 - Click on accept cookies[[ChromeDriver: chrome on WINDOWS (5e1f9ad3d35a59dd0e47745aa0ca936c)] -> xpath: //label[contains(text(),'Accept')]]
2023-06-17 15:06:604 INFO  Homepage :32 - Get Welcome Virginegames to store text[[ChromeDriver: chrome on WINDOWS (5e1f9ad3d35a59dd0e47745aa0ca936c)] -> xpath: //h1[contains(text(),'Welcome to Virgin Games')]]
2023-06-17 15:06:11 INFO  Homepage :27 - Click on accept cookies[[ChromeDriver: chrome on WINDOWS (026f881e69181c6a2bea249117d6fa72)] -> xpath: //label[contains(text(),'Accept')]]
2023-06-17 15:06:154 INFO  Homepage :27 - Click on accept cookies[[ChromeDriver: chrome on WINDOWS (f8e4368b8bb0f7ea4ee11a9e9a0689e4)] -> xpath: //label[contains(text(),'Accept')]]
2023-06-17 15:06:257 INFO  Homepage :19 - Verify the text Pardon Our InterruptionProxy element for: DefaultElementLocator 'By.xpath: //*[@id="interstitial-body"]/h1'
2023-06-17 15:06:271 INFO  Homepage :27 - Click on accept cookies[[ChromeDriver: chrome on WINDOWS (928b19bba162ac8ed63e6910770bd32d)] -> xpath: //label[contains(text(),'Accept')]]
2023-06-17 15:06:351 INFO  Homepage :32 - Get Welcome Virginegames to store text[[ChromeDriver: chrome on WINDOWS (928b19bba162ac8ed63e6910770bd32d)] -> xpath: //h1[contains(text(),'Welcome to Virgin Games')]]
2023-06-17 15:06:737 INFO  Homepage :27 - Click on accept cookies[[ChromeDriver: chrome on WINDOWS (3c72da81b4cfb9cd8aa96bcef34b7224)] -> xpath: //label[contains(text(),'Accept')]]
2023-06-17 15:06:810 INFO  Homepage :37 - Click on JoinProxy element for: DefaultElementLocator 'By.xpath: //a[@title='Register to play']'
2023-06-17 15:06:234 INFO  Homepage :27 - Click on accept cookies[[ChromeDriver: chrome on WINDOWS (d3d768be176440c913170dddd5efa16e)] -> xpath: //label[contains(text(),'Accept')]]
2023-06-17 15:06:320 INFO  Homepage :32 - Get Welcome Virginegames to store text[[ChromeDriver: chrome on WINDOWS (d3d768be176440c913170dddd5efa16e)] -> xpath: //h1[contains(text(),'Welcome to Virgin Games')]]
2023-06-17 15:06:604 INFO  Homepage :27 - Click on accept cookies[[ChromeDriver: chrome on WINDOWS (7a6d3690088f4dbf1272a5b9b510c6f9)] -> xpath: //label[contains(text(),'Accept')]]
2023-06-17 15:06:671 INFO  Homepage :27 - Click on accept cookies[[ChromeDriver: chrome on WINDOWS (08adc7ca4800ce9be29c9a1521ddaa14)] -> xpath: //label[contains(text(),'Accept')]]
2023-06-17 15:06:495 INFO  Homepage :27 - Click on accept cookies[[ChromeDriver: chrome on WINDOWS (79fc762105f4000b72acf3b686e6f1eb)] -> xpath: //label[contains(text(),'Accept')]]
2023-06-17 15:06:580 INFO  Homepage :32 - Get Welcome Virginegames to store text[[ChromeDriver: chrome on WINDOWS (79fc762105f4000b72acf3b686e6f1eb)] -> xpath: //h1[contains(text(),'Welcome to Virgin Games')]]
2023-06-17 15:06:903 INFO  Homepage :27 - Click on accept cookies[[ChromeDriver: chrome on WINDOWS (332e57650a2d2a5b5d2175792a6b3f47)] -> xpath: //label[contains(text(),'Accept')]]
2023-06-17 16:06:114 INFO  Homepage :27 - Click on accept cookies[[ChromeDriver: chrome on WINDOWS (e72e906d14b7ce85d0cbf20794be131c)] -> xpath: //label[contains(text(),'Accept')]]
2023-06-17 16:06:310 INFO  Homepage :32 - Get Welcome Virginegames to store text[[ChromeDriver: chrome on WINDOWS (e72e906d14b7ce85d0cbf20794be131c)] -> xpath: //h1[contains(text(),'Welcome to Virgin Games')]]
2023-06-17 16:06:867 INFO  Homepage :27 - Click on accept cookies[[ChromeDriver: chrome on WINDOWS (6be4957f6fa83e540652a090284089f0)] -> xpath: //label[contains(text(),'Accept')]]
2023-06-17 16:06:958 INFO  Homepage :37 - Click on JoinProxy element for: DefaultElementLocator 'By.xpath: //header/div[1]/div[1]/div[3]/div[1]/span[1]/button[2]/span[1]/a[1]'
2023-06-17 16:06:810 INFO  Homepage :27 - Click on accept cookies[[ChromeDriver: chrome on WINDOWS (91a537b32d9eee041f74570413816a18)] -> xpath: //label[contains(text(),'Accept')]]
2023-06-17 16:06:454 INFO  Homepage :19 - Verify the text Pardon Our InterruptionProxy element for: DefaultElementLocator 'By.xpath: //*[@id="interstitial-body"]/h1'
2023-06-17 17:06:554 INFO  Homepage :27 - Click on accept cookies[[ChromeDriver: chrome on WINDOWS (5590c082084a69d02667a1d6199a2420)] -> xpath: //label[contains(text(),'Accept')]]
2023-06-17 17:06:793 INFO  Homepage :32 - Get Welcome Virginegames to store text[[ChromeDriver: chrome on WINDOWS (5590c082084a69d02667a1d6199a2420)] -> xpath: //h1[contains(text(),'Welcome to Virgin Games')]]
2023-06-17 17:06:216 INFO  Homepage :27 - Click on accept cookies[[ChromeDriver: chrome on WINDOWS (e842b38edae5a5b506f2cb27601d7da6)] -> xpath: //label[contains(text(),'Accept')]]
2023-06-17 18:06:218 INFO  Homepage :27 - Click on accept cookies[[ChromeDriver: chrome on WINDOWS (056bfeceaa31cb69a288b16267818a42)] -> xpath: //label[contains(text(),'Accept')]]
2023-06-17 18:06:346 INFO  Homepage :32 - Get Welcome Virginegames to store text[[ChromeDriver: chrome on WINDOWS (056bfeceaa31cb69a288b16267818a42)] -> xpath: //h1[contains(text(),'Welcome to Virgin Games')]]
2023-06-17 18:06:401 INFO  Homepage :37 - Click on Live Casino[[ChromeDriver: chrome on WINDOWS (056bfeceaa31cb69a288b16267818a42)] -> xpath: //a[contains(text(),'Live Casino')]]
2023-06-17 18:06:91 INFO  Homepage :27 - Click on accept cookies[[ChromeDriver: chrome on WINDOWS (7ffcb3d13c828813ed352860d5ec1422)] -> xpath: //label[contains(text(),'Accept')]]
2023-06-17 18:06:172 INFO  Homepage :32 - Get Welcome Virginegames to store text[[ChromeDriver: chrome on WINDOWS (7ffcb3d13c828813ed352860d5ec1422)] -> xpath: //h1[contains(text(),'Welcome to Virgin Games')]]
2023-06-17 18:06:207 INFO  Homepage :37 - Click on Live Casino[[ChromeDriver: chrome on WINDOWS (7ffcb3d13c828813ed352860d5ec1422)] -> xpath: //a[contains(text(),'Live Casino')]]
2023-06-17 18:06:622 INFO  Homepage :27 - Click on accept cookies[[ChromeDriver: chrome on WINDOWS (c810c458ef17b740c2635462af77625b)] -> xpath: //label[contains(text(),'Accept')]]
2023-06-17 18:06:725 INFO  Homepage :32 - Get Welcome Virginegames to store text[[ChromeDriver: chrome on WINDOWS (c810c458ef17b740c2635462af77625b)] -> xpath: //h1[contains(text(),'Welcome to Virgin Games')]]
2023-06-17 18:06:767 INFO  Homepage :37 - Click on Live Casino[[ChromeDriver: chrome on WINDOWS (c810c458ef17b740c2635462af77625b)] -> xpath: //a[contains(text(),'Live Casino')]]
2023-06-17 18:06:191 INFO  Homepage :27 - Click on accept cookies[[ChromeDriver: chrome on WINDOWS (cb06dcd3a42b8f679bfe44a96def1086)] -> xpath: //label[contains(text(),'Accept')]]
2023-06-17 18:06:08 INFO  Homepage :27 - Click on accept cookies[[ChromeDriver: chrome on WINDOWS (b4f9289c61ca482db94cd5179318c116)] -> xpath: //label[contains(text(),'Accept')]]
2023-06-17 18:06:88 INFO  Homepage :32 - Get Welcome Virginegames to store text[[ChromeDriver: chrome on WINDOWS (b4f9289c61ca482db94cd5179318c116)] -> xpath: //h1[contains(text(),'Welcome to Virgin Games')]]
2023-06-17 18:06:122 INFO  Homepage :37 - Click on Live Casino[[ChromeDriver: chrome on WINDOWS (b4f9289c61ca482db94cd5179318c116)] -> xpath: //a[contains(text(),'Live Casino')]]
2023-06-17 18:06:485 INFO  Homepage :27 - Click on accept cookies[[ChromeDriver: chrome on WINDOWS (f1256d3102844117839a555a38f733a3)] -> xpath: //label[contains(text(),'Accept')]]
2023-06-17 18:06:626 INFO  Homepage :19 - Live Roulette GamesProxy element for: DefaultElementLocator 'By.xpath: //*[@id="styledApp"]/div/section[4]/h2'
2023-06-17 18:06:227 INFO  Homepage :27 - Click on accept cookies[[ChromeDriver: chrome on WINDOWS (3c3c875268e70757cc69b310c703e28c)] -> xpath: //label[contains(text(),'Accept')]]
2023-06-17 18:06:310 INFO  Homepage :32 - Get Welcome Virginegames to store text[[ChromeDriver: chrome on WINDOWS (3c3c875268e70757cc69b310c703e28c)] -> xpath: //h1[contains(text(),'Welcome to Virgin Games')]]
2023-06-17 18:06:342 INFO  Homepage :37 - Click on Live Casino[[ChromeDriver: chrome on WINDOWS (3c3c875268e70757cc69b310c703e28c)] -> xpath: //a[contains(text(),'Live Casino')]]
2023-06-17 18:06:604 INFO  Homepage :27 - Click on accept cookies[[ChromeDriver: chrome on WINDOWS (861fd2afcce8a522ba82122d8bf64802)] -> xpath: //label[contains(text(),'Accept')]]
2023-06-17 18:06:760 INFO  Homepage :19 - Live Roulette GamesProxy element for: DefaultElementLocator 'By.xpath: //*[@id="styledApp"]/div/section[4]/h2'
2023-06-17 18:06:248 INFO  Homepage :27 - Click on accept cookies[[ChromeDriver: chrome on WINDOWS (99488a3d48f0de358d47f661752808fd)] -> xpath: //label[contains(text(),'Accept')]]
2023-06-17 18:06:331 INFO  Homepage :32 - Get Welcome Virginegames to store text[[ChromeDriver: chrome on WINDOWS (99488a3d48f0de358d47f661752808fd)] -> xpath: //h1[contains(text(),'Welcome to Virgin Games')]]
2023-06-17 18:06:361 INFO  Homepage :37 - Click on Live Casino[[ChromeDriver: chrome on WINDOWS (99488a3d48f0de358d47f661752808fd)] -> xpath: //a[contains(text(),'Live Casino')]]
2023-06-17 18:06:752 INFO  Homepage :27 - Click on accept cookies[[ChromeDriver: chrome on WINDOWS (54f1006a76ea95d827128ff40ddd87ff)] -> xpath: //label[contains(text(),'Accept')]]
2023-06-17 18:06:239 INFO  Homepage :27 - Click on accept cookies[[ChromeDriver: chrome on WINDOWS (2f7faa46bd50e3806624ad6606e52b05)] -> xpath: //label[contains(text(),'Accept')]]
2023-06-17 18:06:326 INFO  Homepage :32 - Get Welcome Virginegames to store text[[ChromeDriver: chrome on WINDOWS (2f7faa46bd50e3806624ad6606e52b05)] -> xpath: //h1[contains(text(),'Welcome to Virgin Games')]]
2023-06-17 18:06:358 INFO  Homepage :37 - Click on Live Casino[[ChromeDriver: chrome on WINDOWS (2f7faa46bd50e3806624ad6606e52b05)] -> xpath: //a[contains(text(),'Live Casino')]]
2023-06-17 18:06:729 INFO  Homepage :27 - Click on accept cookies[[ChromeDriver: chrome on WINDOWS (6ea5f2cb60cda10d6fbd44205ed6aba4)] -> xpath: //label[contains(text(),'Accept')]]
2023-06-17 18:06:891 INFO  Homepage :19 - Live Roulette GamesProxy element for: DefaultElementLocator 'By.xpath: //*[@id="styledApp"]/div/section[4]/h2'
2023-06-17 19:06:932 INFO  Homepage :27 - Click on accept cookies[[ChromeDriver: chrome on WINDOWS (21a5f9d92bfad96b4968b936638ffac5)] -> xpath: //label[contains(text(),'Accept')]]
2023-06-17 19:06:14 INFO  Homepage :32 - Get Welcome Virginegames to store text[[ChromeDriver: chrome on WINDOWS (21a5f9d92bfad96b4968b936638ffac5)] -> xpath: //h1[contains(text(),'Welcome to Virgin Games')]]
2023-06-17 19:06:49 INFO  Homepage :37 - Click on Live Casino[[ChromeDriver: chrome on WINDOWS (21a5f9d92bfad96b4968b936638ffac5)] -> xpath: //a[contains(text(),'Live Casino')]]
2023-06-17 19:06:247 INFO  Homepage :27 - Click on accept cookies[[ChromeDriver: chrome on WINDOWS (ea3c314bda7cee3d59aaa30371adcc69)] -> xpath: //label[contains(text(),'Accept')]]
2023-06-17 19:06:759 INFO  Homepage :27 - Click on accept cookies[[ChromeDriver: chrome on WINDOWS (333a3f98102084f3337ddb6a45224b12)] -> xpath: //label[contains(text(),'Accept')]]
2023-06-17 19:06:971 INFO  Homepage :32 - Get Welcome Virginegames to store text[[ChromeDriver: chrome on WINDOWS (333a3f98102084f3337ddb6a45224b12)] -> xpath: //h1[contains(text(),'Welcome to Virgin Games')]]
2023-06-17 19:06:82 INFO  Homepage :37 - Click on Live Casino[[ChromeDriver: chrome on WINDOWS (333a3f98102084f3337ddb6a45224b12)] -> xpath: //a[contains(text(),'Live Casino')]]
2023-06-17 19:06:161 INFO  Homepage :27 - Click on accept cookies[[ChromeDriver: chrome on WINDOWS (40ba4d0561d994bb6049e93fed8c2df5)] -> xpath: //label[contains(text(),'Accept')]]
2023-06-17 19:06:694 INFO  Homepage :27 - Click on accept cookies[[ChromeDriver: chrome on WINDOWS (24c3e8206e4c964d2f1268b39878cbbf)] -> xpath: //label[contains(text(),'Accept')]]
2023-06-17 19:06:882 INFO  Homepage :32 - Get Welcome Virginegames to store text[[ChromeDriver: chrome on WINDOWS (24c3e8206e4c964d2f1268b39878cbbf)] -> xpath: //h1[contains(text(),'Welcome to Virgin Games')]]
2023-06-17 19:06:08 INFO  Homepage :37 - Click on Live Casino[[ChromeDriver: chrome on WINDOWS (24c3e8206e4c964d2f1268b39878cbbf)] -> xpath: //a[contains(text(),'Live Casino')]]
2023-06-17 19:06:74 INFO  Homepage :27 - Click on accept cookies[[ChromeDriver: chrome on WINDOWS (1f8a88b88b72b56214a77cb368d34cdb)] -> xpath: //label[contains(text(),'Accept')]]
2023-06-17 19:06:661 INFO  Homepage :27 - Click on accept cookies[[ChromeDriver: chrome on WINDOWS (9f19a479088a62f1ae1bd919b7851032)] -> xpath: //label[contains(text(),'Accept')]]
2023-06-17 19:06:869 INFO  Homepage :32 - Get Welcome Virginegames to store text[[ChromeDriver: chrome on WINDOWS (9f19a479088a62f1ae1bd919b7851032)] -> xpath: //h1[contains(text(),'Welcome to Virgin Games')]]
2023-06-17 19:06:965 INFO  Homepage :37 - Click on Live Casino[[ChromeDriver: chrome on WINDOWS (9f19a479088a62f1ae1bd919b7851032)] -> xpath: //a[contains(text(),'Live Casino')]]
2023-06-17 19:06:902 INFO  Homepage :27 - Click on accept cookies[[ChromeDriver: chrome on WINDOWS (e7736069f54a126b52998b6d612cb698)] -> xpath: //label[contains(text(),'Accept')]]
2023-06-17 19:06:47 INFO  Homepage :32 - Get Welcome Virginegames to store text[[ChromeDriver: chrome on WINDOWS (e7736069f54a126b52998b6d612cb698)] -> xpath: //h1[contains(text(),'Welcome to Virgin Games')]]
2023-06-17 19:06:111 INFO  Homepage :37 - Click on Live Casino[[ChromeDriver: chrome on WINDOWS (e7736069f54a126b52998b6d612cb698)] -> xpath: //a[contains(text(),'Live Casino')]]
2023-06-17 19:06:247 INFO  Homepage :19 - Live Roulette Games[[ChromeDriver: chrome on WINDOWS (e7736069f54a126b52998b6d612cb698)] -> xpath: //*[@id="styledApp"]/div/section[4]/h2]
2023-06-17 19:06:164 INFO  Homepage :30 - Click on accept cookies[[ChromeDriver: chrome on WINDOWS (c9b0222c594cfb34514f1c1f078334f2)] -> xpath: //label[contains(text(),'Accept')]]
2023-06-17 19:06:314 INFO  Homepage :35 - Get Welcome Virginegames to store text[[ChromeDriver: chrome on WINDOWS (c9b0222c594cfb34514f1c1f078334f2)] -> xpath: //h1[contains(text(),'Welcome to Virgin Games')]]
2023-06-17 19:06:598 INFO  Homepage :45 - Click on join now Proxy element for: DefaultElementLocator 'By.xpath: //a[@title='Register to play']'
2023-06-17 20:06:195 INFO  Homepage :34 - Click on accept cookies[[ChromeDriver: chrome on WINDOWS (20bbe642560acd95d6032d6e55670dca)] -> xpath: //label[contains(text(),'Accept')]]
2023-06-17 20:06:332 INFO  Homepage :39 - Get Welcome Virginegames to store text[[ChromeDriver: chrome on WINDOWS (20bbe642560acd95d6032d6e55670dca)] -> xpath: //h1[contains(text(),'Welcome to Virgin Games')]]
2023-06-17 20:06:405 INFO  Homepage :49 - Click on join now Proxy element for: DefaultElementLocator 'By.xpath: //a[@title='Register to play']'
2023-06-17 20:06:324 INFO  Homepage :34 - Click on accept cookies[[ChromeDriver: chrome on WINDOWS (e217128938236487fdf8d5ca56323f7e)] -> xpath: //label[contains(text(),'Accept')]]
2023-06-17 20:06:475 INFO  Homepage :39 - Get Welcome Virginegames to store text[[ChromeDriver: chrome on WINDOWS (e217128938236487fdf8d5ca56323f7e)] -> xpath: //h1[contains(text(),'Welcome to Virgin Games')]]
2023-06-17 20:06:569 INFO  Homepage :49 - Click on join now Proxy element for: DefaultElementLocator 'By.xpath: //body/div[@id='app-main']/div[1]/div[1]/div[1]/div[4]/main[1]/div[1]/div[1]/div[1]/section[1]/div[1]/div[1]/a[1]/div[1]/div[1]/img[1]'
2023-06-17 20:06:928 INFO  Homepage :34 - Click on accept cookies[[ChromeDriver: chrome on WINDOWS (15817ad085c85bc1ce0cbf9a96ac8c18)] -> xpath: //label[contains(text(),'Accept')]]
2023-06-17 20:06:73 INFO  Homepage :39 - Get Welcome Virginegames to store text[[ChromeDriver: chrome on WINDOWS (15817ad085c85bc1ce0cbf9a96ac8c18)] -> xpath: //h1[contains(text(),'Welcome to Virgin Games')]]
2023-06-17 20:06:189 INFO  Homepage :49 - Click on join now Proxy element for: DefaultElementLocator 'By.xpath: //header/div[1]/div[1]/div[3]/div[1]/span[1]/button[1]/span[1]/a[1]'
2023-06-17 20:06:245 INFO  Homepage :34 - Click on accept cookies[[ChromeDriver: chrome on WINDOWS (d0000e37197e6c032a6617f5abd5041a)] -> xpath: //label[contains(text(),'Accept')]]
2023-06-17 20:06:421 INFO  Homepage :39 - Get Welcome Virginegames to store text[[ChromeDriver: chrome on WINDOWS (d0000e37197e6c032a6617f5abd5041a)] -> xpath: //h1[contains(text(),'Welcome to Virgin Games')]]
2023-06-17 20:06:910 INFO  Homepage :49 - Click on join now Proxy element for: DefaultElementLocator 'By.xpath: //header/div[1]/div[1]/div[3]/div[1]/span[1]/button[1]/span[1]/a[1]'
2023-06-17 20:06:253 INFO  Homepage :23 - Click on accept cookies[[ChromeDriver: chrome on WINDOWS (b17588031868c7317cc1a13debbe27dd)] -> xpath: //label[contains(text(),'Accept')]]
2023-06-17 20:06:396 INFO  Homepage :28 - Get Welcome Virginegames to store text[[ChromeDriver: chrome on WINDOWS (b17588031868c7317cc1a13debbe27dd)] -> xpath: //h1[contains(text(),'Welcome to Virgin Games')]]
2023-06-17 20:06:555 INFO  Homepage :23 - Click on accept cookies[[ChromeDriver: chrome on WINDOWS (f214b2a83f5280680d1df59a9bf64a01)] -> xpath: //label[contains(text(),'Accept')]]
2023-06-17 20:06:699 INFO  Homepage :28 - Get Welcome Virginegames to store text[[ChromeDriver: chrome on WINDOWS (f214b2a83f5280680d1df59a9bf64a01)] -> xpath: //h1[contains(text(),'Welcome to Virgin Games')]]
2023-06-17 20:06:658 INFO  Homepage :23 - Click on accept cookies[[ChromeDriver: chrome on WINDOWS (5822f73919ef595e3b92a5e3cdf88cfe)] -> xpath: //label[contains(text(),'Accept')]]
2023-06-17 20:06:802 INFO  Homepage :28 - Get Welcome Virginegames to store text[[ChromeDriver: chrome on WINDOWS (5822f73919ef595e3b92a5e3cdf88cfe)] -> xpath: //h1[contains(text(),'Welcome to Virgin Games')]]
2023-06-17 20:06:188 INFO  Homepage :26 - Click on accept cookies[[ChromeDriver: chrome on WINDOWS (a73411a1ddbbbd30af3173c6690e12cf)] -> xpath: //label[contains(text(),'Accept')]]
2023-06-17 20:06:349 INFO  Homepage :31 - Get Welcome Virginegames to store text[[ChromeDriver: chrome on WINDOWS (a73411a1ddbbbd30af3173c6690e12cf)] -> xpath: //h1[contains(text(),'Welcome to Virgin Games')]]
2023-06-17 20:06:473 INFO  Homepage :36 - Clicking on casinoProxy element for: DefaultElementLocator 'By.xpath: //header/div[2]/nav[1]/ul[1]/li[5]/a[1]'
2023-06-17 20:06:664 INFO  Homepage :26 - Click on accept cookies[[ChromeDriver: chrome on WINDOWS (1d4e7ec7000dedcc6f78e39042c3f0ee)] -> xpath: //label[contains(text(),'Accept')]]
2023-06-17 20:06:850 INFO  Homepage :31 - Get Welcome Virginegames to store text[[ChromeDriver: chrome on WINDOWS (1d4e7ec7000dedcc6f78e39042c3f0ee)] -> xpath: //h1[contains(text(),'Welcome to Virgin Games')]]
2023-06-17 20:06:848 INFO  Homepage :36 - Clicking on casinoProxy element for: DefaultElementLocator 'By.xpath: //header/div[2]/nav[1]/ul[1]/li[5]/a[1]'
2023-06-17 20:06:610 INFO  Homepage :26 - Click on accept cookies[[ChromeDriver: chrome on WINDOWS (475264fda5136f5cbac5f5433012a8be)] -> xpath: //label[contains(text(),'Accept')]]
2023-06-17 20:06:768 INFO  Homepage :31 - Get Welcome Virginegames to store text[[ChromeDriver: chrome on WINDOWS (475264fda5136f5cbac5f5433012a8be)] -> xpath: //h1[contains(text(),'Welcome to Virgin Games')]]
2023-06-17 20:06:149 INFO  Homepage :36 - Clicking on casinoProxy element for: DefaultElementLocator 'By.xpath: a[href='/category/bingo']'
2023-06-17 21:06:742 INFO  Homepage :23 - Click on accept cookies[[ChromeDriver: chrome on WINDOWS (4114410336dffd6a999ab907b99b3077)] -> xpath: //label[contains(text(),'Accept')]]
2023-06-17 21:06:882 INFO  Homepage :28 - Get Welcome Virginegames to store text[[ChromeDriver: chrome on WINDOWS (4114410336dffd6a999ab907b99b3077)] -> xpath: //h1[contains(text(),'Welcome to Virgin Games')]]
2023-06-17 21:06:531 INFO  Homepage :31 - Click on accept cookies[[ChromeDriver: chrome on WINDOWS (0250fcc94ecd0278b72267c074a50c58)] -> xpath: //label[contains(text(),'Accept')]]
2023-06-17 21:06:671 INFO  Homepage :36 - Get Welcome Virginegames to store text[[ChromeDriver: chrome on WINDOWS (0250fcc94ecd0278b72267c074a50c58)] -> xpath: //h1[contains(text(),'Welcome to Virgin Games')]]
2023-06-17 21:06:735 INFO  Homepage :41 - Clicking on Poker Tab[[ChromeDriver: chrome on WINDOWS (0250fcc94ecd0278b72267c074a50c58)] -> xpath: //span[contains(text(),'Poker')]]
2023-06-17 21:06:21 INFO  Homepage :46 - Verifying the text on the Poker PageProxy element for: DefaultElementLocator 'By.xpath: //h1[normalize-space()='Play our exciting Online PokeGames']'
2023-06-17 21:06:241 INFO  Homepage :31 - Click on accept cookies[[ChromeDriver: chrome on WINDOWS (ca032f352660eebdba119aa0fbb0038d)] -> xpath: //label[contains(text(),'Accept')]]
2023-06-17 21:06:356 INFO  Homepage :36 - Get Welcome Virginegames to store text[[ChromeDriver: chrome on WINDOWS (ca032f352660eebdba119aa0fbb0038d)] -> xpath: //h1[contains(text(),'Welcome to Virgin Games')]]
2023-06-17 21:06:408 INFO  Homepage :41 - Clicking on Poker Tab[[ChromeDriver: chrome on WINDOWS (ca032f352660eebdba119aa0fbb0038d)] -> xpath: //span[contains(text(),'Poker')]]
2023-06-17 21:06:800 INFO  Homepage :46 - Verifying the text on the Poker PageProxy element for: DefaultElementLocator 'By.xpath: //h1[normalize-space()='Play our exciting Online PokeGames']'
2023-06-17 22:06:708 INFO  Homepage :31 - Click on accept cookies[[ChromeDriver: chrome on WINDOWS (12f327709f929a57aeb3a6d0cef9ef52)] -> xpath: //label[contains(text(),'Accept')]]
2023-06-17 22:06:798 INFO  Homepage :36 - Get Welcome Virginegames to store text[[ChromeDriver: chrome on WINDOWS (12f327709f929a57aeb3a6d0cef9ef52)] -> xpath: //h1[contains(text(),'Welcome to Virgin Games')]]
2023-06-17 22:06:836 INFO  Homepage :41 - Clicking on Poker Tab[[ChromeDriver: chrome on WINDOWS (12f327709f929a57aeb3a6d0cef9ef52)] -> xpath: //span[contains(text(),'Poker')]]
2023-06-17 22:06:975 INFO  Homepage :46 - Verifying the text on the Poker PageProxy element for: DefaultElementLocator 'By.cssSelector: #heading-poker-games'
2023-06-17 22:06:45 INFO  Homepage :31 - Click on accept cookies[[ChromeDriver: chrome on WINDOWS (df413af0e78d572a3905983b96cbb778)] -> xpath: //label[contains(text(),'Accept')]]
2023-06-17 22:06:127 INFO  Homepage :36 - Get Welcome Virginegames to store text[[ChromeDriver: chrome on WINDOWS (df413af0e78d572a3905983b96cbb778)] -> xpath: //h1[contains(text(),'Welcome to Virgin Games')]]
2023-06-17 22:06:165 INFO  Homepage :41 - Clicking on Poker Tab[[ChromeDriver: chrome on WINDOWS (df413af0e78d572a3905983b96cbb778)] -> xpath: //span[contains(text(),'Poker')]]
2023-06-17 22:06:276 INFO  Homepage :46 - Verifying the text on the Poker PageProxy element for: DefaultElementLocator 'By.xpath: /html[1]/body[1]/div[1]/div[1]/div[1]/div[1]/div[4]/main[1]/div[1]/div[1]/div[1]/section[1]/header[1]/h2[1]'
2023-06-17 22:06:627 INFO  Homepage :31 - Click on accept cookies[[ChromeDriver: chrome on WINDOWS (7ff14e34cadbf24d2cacb587fa960818)] -> xpath: //label[contains(text(),'Accept')]]
2023-06-17 22:06:715 INFO  Homepage :36 - Get Welcome Virginegames to store text[[ChromeDriver: chrome on WINDOWS (7ff14e34cadbf24d2cacb587fa960818)] -> xpath: //h1[contains(text(),'Welcome to Virgin Games')]]
2023-06-17 22:06:749 INFO  Homepage :41 - Clicking on Poker Tab[[ChromeDriver: chrome on WINDOWS (7ff14e34cadbf24d2cacb587fa960818)] -> xpath: //span[contains(text(),'Poker')]]
2023-06-17 22:06:850 INFO  Homepage :46 - Verifying the text on the Poker PageProxy element for: DefaultElementLocator 'By.xpath: /html[1]/body[1]/div[1]/div[1]/div[1]/div[1]/div[4]/main[1]/div[1]/div[1]/div[1]/section[1]/header[1]/h2[1]'
2023-06-17 22:06:374 INFO  Homepage :35 - Click on accept cookies[[ChromeDriver: chrome on WINDOWS (ad55340a2754aa9da84adf0b18e61b27)] -> xpath: //label[contains(text(),'Accept')]]
2023-06-17 22:06:524 INFO  Homepage :40 - Get Welcome Virginegames to store text[[ChromeDriver: chrome on WINDOWS (ad55340a2754aa9da84adf0b18e61b27)] -> xpath: //h1[contains(text(),'Welcome to Virgin Games')]]
2023-06-17 22:06:685 INFO  Homepage :55 - Click on Join NowProxy element for: DefaultElementLocator 'By.xpath: //header/div[1]/div[1]/div[3]/div[1]/span[1]/button[2]/span[1]/a[1]'
2023-06-17 22:06:126 INFO  Homepage :35 - Click on accept cookies[[ChromeDriver: chrome on WINDOWS (72eef6f5098086e900c9a41283ff1d3f)] -> xpath: //label[contains(text(),'Accept')]]
2023-06-17 22:06:278 INFO  Homepage :40 - Get Welcome Virginegames to store text[[ChromeDriver: chrome on WINDOWS (72eef6f5098086e900c9a41283ff1d3f)] -> xpath: //h1[contains(text(),'Welcome to Virgin Games')]]
2023-06-17 22:06:369 INFO  Homepage :55 - Click on Join Now[[ChromeDriver: chrome on WINDOWS (72eef6f5098086e900c9a41283ff1d3f)] -> xpath: //*[@id="styledApp"]/header/span/a[2]]
2023-06-17 22:06:264 INFO  Homepage :35 - Click on accept cookies[[ChromeDriver: chrome on WINDOWS (182da970c6ee17042ac3afb314a3b0a1)] -> xpath: //label[contains(text(),'Accept')]]
2023-06-17 22:06:414 INFO  Homepage :40 - Get Welcome Virginegames to store text[[ChromeDriver: chrome on WINDOWS (182da970c6ee17042ac3afb314a3b0a1)] -> xpath: //h1[contains(text(),'Welcome to Virgin Games')]]
2023-06-17 22:06:481 INFO  Homepage :55 - Click on Join Now[[ChromeDriver: chrome on WINDOWS (182da970c6ee17042ac3afb314a3b0a1)] -> xpath: //*[@id="styledApp"]/header/span/a[2]]
2023-06-17 22:06:954 INFO  Homepage :19 - Pardon Our Interruption[[ChromeDriver: chrome on WINDOWS (182da970c6ee17042ac3afb314a3b0a1)] -> xpath: //h1[contains(text(),'Pardon Our Interruption')]]
2023-06-17 22:06:691 INFO  Homepage :26 - Click on accept cookies[[ChromeDriver: chrome on WINDOWS (09220772caaed02dda7ec35d72b3a808)] -> xpath: //label[contains(text(),'Accept')]]
2023-06-17 22:06:833 INFO  Homepage :31 - Get Welcome Virginegames to store text[[ChromeDriver: chrome on WINDOWS (09220772caaed02dda7ec35d72b3a808)] -> xpath: //h1[contains(text(),'Welcome to Virgin Games')]]
2023-06-17 22:06:894 INFO  Homepage :36 - Click on Join Now[[ChromeDriver: chrome on WINDOWS (09220772caaed02dda7ec35d72b3a808)] -> xpath: //*[@id="styledApp"]/header/span/a[2]]
2023-06-17 22:06:278 INFO  Homepage :19 - Pardon Our Interruption[[ChromeDriver: chrome on WINDOWS (09220772caaed02dda7ec35d72b3a808)] -> xpath: //h1[contains(text(),'Pardon Our Interruption')]]
